{"C:\\Users\\Cheney\\Documents\\Github\\LearningSong\\frontend\\src\\App.tsx": {"path":"C:\\Users\\Cheney\\Documents\\Github\\LearningSong\\frontend\\src\\App.tsx","statementMap":{"0":{"start":{"line":1,"column":0},"end":{"line":1,"column":63}},"1":{"start":{"line":2,"column":0},"end":{"line":2,"column":53}},"2":{"start":{"line":3,"column":0},"end":{"line":3,"column":54}},"3":{"start":{"line":4,"column":0},"end":{"line":4,"column":48}},"4":{"start":{"line":5,"column":0},"end":{"line":5,"column":18}},"5":{"start":{"line":8,"column":2},"end":{"line":50,"column":null}},"6":{"start":{"line":53,"column":0},"end":{"line":53,"column":null}}},"fnMap":{"0":{"name":"App","decl":{"start":{"line":7,"column":9},"end":{"line":7,"column":12}},"loc":{"start":{"line":7,"column":12},"end":{"line":51,"column":1}}}},"branchMap":{},"s":{"0":0,"1":0,"2":0,"3":0,"4":0,"5":0,"6":0},"f":{"0":0},"b":{}}
,"C:\\Users\\Cheney\\Documents\\Github\\LearningSong\\frontend\\src\\api\\client.ts": {"path":"C:\\Users\\Cheney\\Documents\\Github\\LearningSong\\frontend\\src\\api\\client.ts","statementMap":{"0":{"start":{"line":1,"column":0},"end":{"line":1,"column":25}},"1":{"start":{"line":6,"column":21},"end":{"line":6,"column":44}},"2":{"start":{"line":12,"column":4},"end":{"line":18,"column":null}},"3":{"start":{"line":21,"column":4},"end":{"line":33,"column":null}},"4":{"start":{"line":24,"column":22},"end":{"line":24,"column":55}},"5":{"start":{"line":25,"column":8},"end":{"line":27,"column":9}},"6":{"start":{"line":26,"column":10},"end":{"line":26,"column":null}},"7":{"start":{"line":28,"column":8},"end":{"line":28,"column":null}},"8":{"start":{"line":31,"column":8},"end":{"line":31,"column":null}},"9":{"start":{"line":36,"column":4},"end":{"line":46,"column":null}},"10":{"start":{"line":37,"column":20},"end":{"line":37,"column":28}},"11":{"start":{"line":40,"column":8},"end":{"line":43,"column":9}},"12":{"start":{"line":42,"column":10},"end":{"line":42,"column":null}},"13":{"start":{"line":44,"column":8},"end":{"line":44,"column":null}},"14":{"start":{"line":50,"column":39},"end":{"line":50,"column":73}},"15":{"start":{"line":51,"column":4},"end":{"line":51,"column":null}},"16":{"start":{"line":55,"column":39},"end":{"line":55,"column":80}},"17":{"start":{"line":56,"column":4},"end":{"line":56,"column":null}},"18":{"start":{"line":60,"column":39},"end":{"line":60,"column":79}},"19":{"start":{"line":61,"column":4},"end":{"line":61,"column":null}},"20":{"start":{"line":65,"column":39},"end":{"line":65,"column":76}},"21":{"start":{"line":66,"column":4},"end":{"line":66,"column":null}},"22":{"start":{"line":70,"column":39},"end":{"line":70,"column":81}},"23":{"start":{"line":71,"column":4},"end":{"line":71,"column":null}},"24":{"start":{"line":75,"column":13},"end":{"line":75,"column":null}},"25":{"start":{"line":76,"column":0},"end":{"line":76,"column":null}}},"fnMap":{"0":{"name":"(anonymous_8)","decl":{"start":{"line":11,"column":2},"end":{"line":11,"column":null}},"loc":{"start":{"line":11,"column":2},"end":{"line":47,"column":3}}},"1":{"name":"(anonymous_9)","decl":{"start":{"line":22,"column":6},"end":{"line":22,"column":7}},"loc":{"start":{"line":22,"column":17},"end":{"line":29,"column":7}}},"2":{"name":"(anonymous_10)","decl":{"start":{"line":30,"column":6},"end":{"line":30,"column":7}},"loc":{"start":{"line":30,"column":16},"end":{"line":32,"column":7}}},"3":{"name":"(anonymous_11)","decl":{"start":{"line":37,"column":6},"end":{"line":37,"column":7}},"loc":{"start":{"line":37,"column":20},"end":{"line":37,"column":28}}},"4":{"name":"(anonymous_12)","decl":{"start":{"line":38,"column":6},"end":{"line":38,"column":7}},"loc":{"start":{"line":38,"column":16},"end":{"line":45,"column":7}}},"5":{"name":"(anonymous_13)","decl":{"start":{"line":49,"column":8},"end":{"line":49,"column":11}},"loc":{"start":{"line":49,"column":65},"end":{"line":52,"column":null}}},"6":{"name":"(anonymous_15)","decl":{"start":{"line":54,"column":8},"end":{"line":54,"column":12}},"loc":{"start":{"line":54,"column":82},"end":{"line":57,"column":null}}},"7":{"name":"(anonymous_17)","decl":{"start":{"line":59,"column":8},"end":{"line":59,"column":11}},"loc":{"start":{"line":59,"column":81},"end":{"line":62,"column":null}}},"8":{"name":"(anonymous_19)","decl":{"start":{"line":64,"column":8},"end":{"line":64,"column":14}},"loc":{"start":{"line":64,"column":68},"end":{"line":67,"column":null}}},"9":{"name":"(anonymous_21)","decl":{"start":{"line":69,"column":8},"end":{"line":69,"column":13}},"loc":{"start":{"line":69,"column":83},"end":{"line":72,"column":null}}}},"branchMap":{"0":{"loc":{"start":{"line":25,"column":8},"end":{"line":27,"column":9}},"type":"if","locations":[{"start":{"line":25,"column":8},"end":{"line":27,"column":9}},{"start":{},"end":{}}]},"1":{"loc":{"start":{"line":40,"column":8},"end":{"line":43,"column":9}},"type":"if","locations":[{"start":{"line":40,"column":8},"end":{"line":43,"column":9}},{"start":{},"end":{}}]},"2":{"loc":{"start":{"line":40,"column":12},"end":{"line":40,"column":34}},"type":"cond-expr","locations":[{"start":{"line":40,"column":26},"end":{"line":40,"column":28}},{"start":{"line":40,"column":26},"end":{"line":40,"column":34}}]},"3":{"loc":{"start":{"line":40,"column":12},"end":{"line":40,"column":28}},"type":"binary-expr","locations":[{"start":{"line":40,"column":12},"end":{"line":40,"column":28}},{"start":{"line":40,"column":26},"end":{"line":40,"column":28}}]}},"s":{"0":4,"1":4,"2":4,"3":4,"4":12,"5":12,"6":0,"7":12,"8":0,"9":4,"10":0,"11":12,"12":0,"13":12,"14":5,"15":0,"16":7,"17":0,"18":0,"19":0,"20":0,"21":0,"22":0,"23":0,"24":4,"25":4},"f":{"0":4,"1":12,"2":0,"3":0,"4":12,"5":5,"6":7,"7":0,"8":0,"9":0},"b":{"0":[0,12],"1":[0,12],"2":[12,0],"3":[12,12]}}
,"C:\\Users\\Cheney\\Documents\\Github\\LearningSong\\frontend\\src\\api\\lyrics.ts": {"path":"C:\\Users\\Cheney\\Documents\\Github\\LearningSong\\frontend\\src\\api\\lyrics.ts","statementMap":{"0":{"start":{"line":1,"column":0},"end":{"line":1,"column":36}},"1":{"start":{"line":22,"column":30},"end":{"line":26,"column":null}},"2":{"start":{"line":24,"column":37},"end":{"line":26,"column":null}},"3":{"start":{"line":25,"column":2},"end":{"line":25,"column":null}},"4":{"start":{"line":22,"column":13},"end":{"line":22,"column":30}},"5":{"start":{"line":28,"column":28},"end":{"line":30,"column":null}},"6":{"start":{"line":28,"column":67},"end":{"line":30,"column":null}},"7":{"start":{"line":29,"column":2},"end":{"line":29,"column":null}},"8":{"start":{"line":28,"column":13},"end":{"line":28,"column":28}}},"fnMap":{"0":{"name":"(anonymous_7)","decl":{"start":{"line":22,"column":30},"end":{"line":22,"column":null}},"loc":{"start":{"line":24,"column":37},"end":{"line":26,"column":null}}},"1":{"name":"(anonymous_8)","decl":{"start":{"line":24,"column":37},"end":{"line":24,"column":null}},"loc":{"start":{"line":24,"column":37},"end":{"line":26,"column":1}}},"2":{"name":"(anonymous_9)","decl":{"start":{"line":28,"column":28},"end":{"line":28,"column":65}},"loc":{"start":{"line":28,"column":67},"end":{"line":30,"column":null}}},"3":{"name":"(anonymous_10)","decl":{"start":{"line":28,"column":67},"end":{"line":28,"column":null}},"loc":{"start":{"line":28,"column":67},"end":{"line":30,"column":1}}}},"branchMap":{},"s":{"0":4,"1":4,"2":7,"3":7,"4":4,"5":4,"6":5,"7":5,"8":4},"f":{"0":7,"1":7,"2":5,"3":5},"b":{}}
,"C:\\Users\\Cheney\\Documents\\Github\\LearningSong\\frontend\\src\\components\\ErrorBoundary.tsx": {"path":"C:\\Users\\Cheney\\Documents\\Github\\LearningSong\\frontend\\src\\components\\ErrorBoundary.tsx","statementMap":{"0":{"start":{"line":1,"column":0},"end":{"line":1,"column":34}},"1":{"start":{"line":3,"column":0},"end":{"line":3,"column":48}},"2":{"start":{"line":4,"column":0},"end":{"line":4,"column":109}},"3":{"start":{"line":18,"column":4},"end":{"line":18,"column":17}},"4":{"start":{"line":42,"column":2},"end":{"line":48,"column":4}},"5":{"start":{"line":43,"column":4},"end":{"line":47,"column":7}},"6":{"start":{"line":50,"column":2},"end":{"line":52,"column":4}},"7":{"start":{"line":51,"column":4},"end":{"line":51,"column":29}},"8":{"start":{"line":19,"column":4},"end":{"line":23,"column":6}},"9":{"start":{"line":27,"column":4},"end":{"line":31,"column":6}},"10":{"start":{"line":35,"column":4},"end":{"line":35,"column":70}},"11":{"start":{"line":36,"column":4},"end":{"line":39,"column":7}},"12":{"start":{"line":55,"column":4},"end":{"line":86,"column":5}},"13":{"start":{"line":56,"column":6},"end":{"line":85,"column":8}},"14":{"start":{"line":88,"column":4},"end":{"line":88,"column":31}},"15":{"start":{"line":92,"column":0},"end":{"line":92,"column":29}}},"fnMap":{"0":{"name":"(anonymous_0)","decl":{"start":{"line":17,"column":2},"end":{"line":17,"column":14}},"loc":{"start":{"line":17,"column":26},"end":{"line":24,"column":3}}},"1":{"name":"(anonymous_1)","decl":{"start":{"line":42,"column":16},"end":{"line":42,"column":19}},"loc":{"start":{"line":42,"column":21},"end":{"line":48,"column":3}}},"2":{"name":"(anonymous_2)","decl":{"start":{"line":50,"column":17},"end":{"line":50,"column":20}},"loc":{"start":{"line":50,"column":22},"end":{"line":52,"column":3}}},"3":{"name":"(anonymous_3)","decl":{"start":{"line":26,"column":2},"end":{"line":26,"column":8}},"loc":{"start":{"line":26,"column":46},"end":{"line":32,"column":3}}},"4":{"name":"(anonymous_4)","decl":{"start":{"line":34,"column":2},"end":{"line":34,"column":19}},"loc":{"start":{"line":34,"column":54},"end":{"line":40,"column":3}}},"5":{"name":"(anonymous_5)","decl":{"start":{"line":54,"column":2},"end":{"line":54,"column":8}},"loc":{"start":{"line":54,"column":8},"end":{"line":89,"column":3}}}},"branchMap":{"0":{"loc":{"start":{"line":55,"column":4},"end":{"line":86,"column":5}},"type":"if","locations":[{"start":{"line":55,"column":4},"end":{"line":86,"column":5}},{"start":{},"end":{}}]},"1":{"loc":{"start":{"line":66,"column":15},"end":{"line":72,"column":null}},"type":"binary-expr","locations":[{"start":{"line":66,"column":15},"end":{"line":66,"column":31}},{"start":{"line":67,"column":16},"end":{"line":71,"column":null}}]}},"s":{"0":0,"1":0,"2":0,"3":0,"4":0,"5":0,"6":0,"7":0,"8":0,"9":0,"10":0,"11":0,"12":0,"13":0,"14":0,"15":0},"f":{"0":0,"1":0,"2":0,"3":0,"4":0,"5":0},"b":{"0":[0,0],"1":[0,0]}}
,"C:\\Users\\Cheney\\Documents\\Github\\LearningSong\\frontend\\src\\components\\GenerateButton.tsx": {"path":"C:\\Users\\Cheney\\Documents\\Github\\LearningSong\\frontend\\src\\components\\GenerateButton.tsx","statementMap":{"0":{"start":{"line":8,"column":0},"end":{"line":8,"column":16}},"1":{"start":{"line":1,"column":0},"end":{"line":1,"column":46}},"2":{"start":{"line":2,"column":0},"end":{"line":2,"column":47}},"3":{"start":{"line":3,"column":0},"end":{"line":3,"column":59}},"4":{"start":{"line":4,"column":0},"end":{"line":4,"column":67}},"5":{"start":{"line":5,"column":0},"end":{"line":5,"column":75}},"6":{"start":{"line":6,"column":0},"end":{"line":6,"column":38}},"7":{"start":{"line":9,"column":66},"end":{"line":9,"column":85}},"8":{"start":{"line":10,"column":48},"end":{"line":10,"column":67}},"9":{"start":{"line":11,"column":34},"end":{"line":11,"column":48}},"10":{"start":{"line":14,"column":20},"end":{"line":14,"column":75}},"11":{"start":{"line":18,"column":4},"end":{"line":22,"column":13}},"12":{"start":{"line":24,"column":25},"end":{"line":47,"column":84}},"13":{"start":{"line":26,"column":4},"end":{"line":29,"column":5}},"14":{"start":{"line":27,"column":6},"end":{"line":27,"column":null}},"15":{"start":{"line":28,"column":6},"end":{"line":28,"column":12}},"16":{"start":{"line":31,"column":4},"end":{"line":34,"column":5}},"17":{"start":{"line":32,"column":6},"end":{"line":32,"column":null}},"18":{"start":{"line":33,"column":6},"end":{"line":33,"column":12}},"19":{"start":{"line":36,"column":4},"end":{"line":39,"column":5}},"20":{"start":{"line":37,"column":6},"end":{"line":37,"column":null}},"21":{"start":{"line":38,"column":6},"end":{"line":38,"column":12}},"22":{"start":{"line":41,"column":4},"end":{"line":41,"column":26}},"23":{"start":{"line":41,"column":20},"end":{"line":41,"column":26}},"24":{"start":{"line":43,"column":4},"end":{"line":46,"column":null}},"25":{"start":{"line":50,"column":2},"end":{"line":59,"column":null}},"26":{"start":{"line":51,"column":26},"end":{"line":55,"column":5}},"27":{"start":{"line":52,"column":6},"end":{"line":54,"column":7}},"28":{"start":{"line":53,"column":8},"end":{"line":53,"column":null}},"29":{"start":{"line":57,"column":4},"end":{"line":57,"column":null}},"30":{"start":{"line":58,"column":4},"end":{"line":58,"column":null}},"31":{"start":{"line":58,"column":17},"end":{"line":58,"column":69}},"32":{"start":{"line":62,"column":2},"end":{"line":64,"column":null}},"33":{"start":{"line":63,"column":4},"end":{"line":63,"column":null}},"34":{"start":{"line":66,"column":2},"end":{"line":88,"column":null}}},"fnMap":{"0":{"name":"GenerateButton","decl":{"start":{"line":8,"column":16},"end":{"line":8,"column":30}},"loc":{"start":{"line":8,"column":30},"end":{"line":89,"column":1}}},"1":{"name":"(anonymous_1)","decl":{"start":{"line":24,"column":37},"end":{"line":24,"column":40}},"loc":{"start":{"line":24,"column":42},"end":{"line":47,"column":3}}},"2":{"name":"(anonymous_2)","decl":{"start":{"line":50,"column":12},"end":{"line":50,"column":15}},"loc":{"start":{"line":50,"column":17},"end":{"line":59,"column":3}}},"3":{"name":"(anonymous_3)","decl":{"start":{"line":51,"column":26},"end":{"line":51,"column":27}},"loc":{"start":{"line":51,"column":47},"end":{"line":55,"column":5}}},"4":{"name":"(anonymous_4)","decl":{"start":{"line":58,"column":11},"end":{"line":58,"column":14}},"loc":{"start":{"line":58,"column":17},"end":{"line":58,"column":69}}},"5":{"name":"(anonymous_5)","decl":{"start":{"line":62,"column":12},"end":{"line":62,"column":15}},"loc":{"start":{"line":62,"column":17},"end":{"line":64,"column":3}}}},"branchMap":{"0":{"loc":{"start":{"line":14,"column":20},"end":{"line":14,"column":75}},"type":"cond-expr","locations":[{"start":{"line":14,"column":37},"end":{"line":14,"column":71}},{"start":{"line":14,"column":74},"end":{"line":14,"column":75}}]},"1":{"loc":{"start":{"line":18,"column":4},"end":{"line":22,"column":13}},"type":"binary-expr","locations":[{"start":{"line":18,"column":4},"end":{"line":18,"column":19}},{"start":{"line":19,"column":4},"end":{"line":19,"column":21}},{"start":{"line":20,"column":4},"end":{"line":20,"column":41}},{"start":{"line":21,"column":4},"end":{"line":21,"column":16}},{"start":{"line":22,"column":4},"end":{"line":22,"column":13}}]},"2":{"loc":{"start":{"line":20,"column":5},"end":{"line":20,"column":34}},"type":"cond-expr","locations":[{"start":{"line":20,"column":29},"end":{"line":20,"column":33}},{"start":{"line":20,"column":33},"end":{"line":20,"column":34}}]},"3":{"loc":{"start":{"line":20,"column":5},"end":{"line":20,"column":33}},"type":"binary-expr","locations":[{"start":{"line":20,"column":5},"end":{"line":20,"column":33}},{"start":{"line":20,"column":29},"end":{"line":20,"column":33}}]},"4":{"loc":{"start":{"line":20,"column":5},"end":{"line":20,"column":29}},"type":"cond-expr","locations":[{"start":{"line":20,"column":18},"end":{"line":20,"column":20}},{"start":{"line":20,"column":5},"end":{"line":20,"column":29}}]},"5":{"loc":{"start":{"line":20,"column":5},"end":{"line":20,"column":20}},"type":"binary-expr","locations":[{"start":{"line":20,"column":5},"end":{"line":20,"column":20}},{"start":{"line":20,"column":5},"end":{"line":20,"column":20}}]},"6":{"loc":{"start":{"line":26,"column":4},"end":{"line":29,"column":5}},"type":"if","locations":[{"start":{"line":26,"column":4},"end":{"line":29,"column":5}},{"start":{},"end":{}}]},"7":{"loc":{"start":{"line":31,"column":4},"end":{"line":34,"column":5}},"type":"if","locations":[{"start":{"line":31,"column":4},"end":{"line":34,"column":5}},{"start":{},"end":{}}]},"8":{"loc":{"start":{"line":36,"column":4},"end":{"line":39,"column":5}},"type":"if","locations":[{"start":{"line":36,"column":4},"end":{"line":39,"column":5}},{"start":{},"end":{}}]},"9":{"loc":{"start":{"line":36,"column":9},"end":{"line":36,"column":38}},"type":"cond-expr","locations":[{"start":{"line":36,"column":33},"end":{"line":36,"column":37}},{"start":{"line":36,"column":37},"end":{"line":36,"column":38}}]},"10":{"loc":{"start":{"line":36,"column":9},"end":{"line":36,"column":37}},"type":"binary-expr","locations":[{"start":{"line":36,"column":9},"end":{"line":36,"column":37}},{"start":{"line":36,"column":33},"end":{"line":36,"column":37}}]},"11":{"loc":{"start":{"line":36,"column":9},"end":{"line":36,"column":33}},"type":"cond-expr","locations":[{"start":{"line":36,"column":22},"end":{"line":36,"column":24}},{"start":{"line":36,"column":9},"end":{"line":36,"column":33}}]},"12":{"loc":{"start":{"line":36,"column":9},"end":{"line":36,"column":24}},"type":"binary-expr","locations":[{"start":{"line":36,"column":9},"end":{"line":36,"column":24}},{"start":{"line":36,"column":9},"end":{"line":36,"column":24}}]},"13":{"loc":{"start":{"line":37,"column":25},"end":{"line":37,"column":99}},"type":"cond-expr","locations":[{"start":{"line":37,"column":53},"end":{"line":37,"column":87}},{"start":{"line":37,"column":90},"end":{"line":37,"column":99}}]},"14":{"loc":{"start":{"line":37,"column":25},"end":{"line":37,"column":50}},"type":"cond-expr","locations":[{"start":{"line":37,"column":38},"end":{"line":37,"column":40}},{"start":{"line":37,"column":25},"end":{"line":37,"column":50}}]},"15":{"loc":{"start":{"line":37,"column":25},"end":{"line":37,"column":40}},"type":"binary-expr","locations":[{"start":{"line":37,"column":25},"end":{"line":37,"column":40}},{"start":{"line":37,"column":25},"end":{"line":37,"column":40}}]},"16":{"loc":{"start":{"line":41,"column":4},"end":{"line":41,"column":26}},"type":"if","locations":[{"start":{"line":41,"column":4},"end":{"line":41,"column":26}},{"start":{},"end":{}}]},"17":{"loc":{"start":{"line":52,"column":6},"end":{"line":54,"column":7}},"type":"if","locations":[{"start":{"line":52,"column":6},"end":{"line":54,"column":7}},{"start":{},"end":{}}]},"18":{"loc":{"start":{"line":52,"column":10},"end":{"line":52,"column":70}},"type":"binary-expr","locations":[{"start":{"line":52,"column":11},"end":{"line":52,"column":20}},{"start":{"line":52,"column":24},"end":{"line":52,"column":33}},{"start":{"line":52,"column":38},"end":{"line":52,"column":55}},{"start":{"line":52,"column":59},"end":{"line":52,"column":70}}]},"19":{"loc":{"start":{"line":72,"column":18},"end":{"line":72,"column":95}},"type":"cond-expr","locations":[{"start":{"line":72,"column":30},"end":{"line":72,"column":62}},{"start":{"line":72,"column":65},"end":{"line":72,"column":95}}]},"20":{"loc":{"start":{"line":76,"column":7},"end":{"line":85,"column":null}},"type":"cond-expr","locations":[{"start":{"line":77,"column":8},"end":{"line":78,"column":null}},{"start":{"line":82,"column":8},"end":{"line":84,"column":null}}]}},"s":{"0":2,"1":2,"2":2,"3":2,"4":2,"5":2,"6":2,"7":483,"8":483,"9":483,"10":483,"11":483,"12":483,"13":10,"14":0,"15":0,"16":10,"17":0,"18":0,"19":10,"20":0,"21":0,"22":10,"23":0,"24":10,"25":483,"26":465,"27":450,"28":3,"29":465,"30":465,"31":465,"32":483,"33":28,"34":483},"f":{"0":483,"1":10,"2":465,"3":450,"4":465,"5":28},"b":{"0":[475,8],"1":[483,475,474,423,422],"2":[452,22],"3":[474,474],"4":[22,452],"5":[474,474],"6":[0,10],"7":[0,10],"8":[0,10],"9":[10,0],"10":[10,10],"11":[0,10],"12":[10,10],"13":[0,0],"14":[0,0],"15":[0,0],"16":[0,10],"17":[3,447],"18":[450,446,5,4],"19":[3,480],"20":[3,480]}}
,"C:\\Users\\Cheney\\Documents\\Github\\LearningSong\\frontend\\src\\components\\LoadingProgress.tsx": {"path":"C:\\Users\\Cheney\\Documents\\Github\\LearningSong\\frontend\\src\\components\\LoadingProgress.tsx","statementMap":{"0":{"start":{"line":15,"column":0},"end":{"line":15,"column":16}},"1":{"start":{"line":1,"column":0},"end":{"line":1,"column":51}},"2":{"start":{"line":2,"column":0},"end":{"line":2,"column":51}},"3":{"start":{"line":3,"column":0},"end":{"line":3,"column":47}},"4":{"start":{"line":4,"column":0},"end":{"line":4,"column":79}},"5":{"start":{"line":5,"column":0},"end":{"line":5,"column":32}},"6":{"start":{"line":7,"column":102},"end":{"line":13,"column":null}},"7":{"start":{"line":16,"column":56},"end":{"line":16,"column":75}},"8":{"start":{"line":17,"column":44},"end":{"line":17,"column":63}},"9":{"start":{"line":18,"column":19},"end":{"line":18,"column":36}},"10":{"start":{"line":20,"column":2},"end":{"line":52,"column":null}},"11":{"start":{"line":21,"column":4},"end":{"line":24,"column":5}},"12":{"start":{"line":22,"column":6},"end":{"line":22,"column":null}},"13":{"start":{"line":23,"column":6},"end":{"line":23,"column":12}},"14":{"start":{"line":27,"column":20},"end":{"line":27,"column":21}},"15":{"start":{"line":28,"column":36},"end":{"line":28,"column":91}},"16":{"start":{"line":29,"column":4},"end":{"line":31,"column":5}},"17":{"start":{"line":30,"column":6},"end":{"line":30,"column":null}},"18":{"start":{"line":33,"column":25},"end":{"line":33,"column":53}},"19":{"start":{"line":34,"column":4},"end":{"line":36,"column":5}},"20":{"start":{"line":34,"column":17},"end":{"line":34,"column":29}},"21":{"start":{"line":35,"column":6},"end":{"line":35,"column":null}},"22":{"start":{"line":39,"column":4},"end":{"line":39,"column":null}},"23":{"start":{"line":42,"column":21},"end":{"line":49,"column":12}},"24":{"start":{"line":43,"column":6},"end":{"line":43,"column":null}},"25":{"start":{"line":44,"column":6},"end":{"line":44,"column":null}},"26":{"start":{"line":46,"column":6},"end":{"line":48,"column":7}},"27":{"start":{"line":47,"column":8},"end":{"line":47,"column":null}},"28":{"start":{"line":51,"column":4},"end":{"line":51,"column":null}},"29":{"start":{"line":51,"column":17},"end":{"line":51,"column":40}},"30":{"start":{"line":54,"column":2},"end":{"line":56,"column":3}},"31":{"start":{"line":55,"column":4},"end":{"line":55,"column":null}},"32":{"start":{"line":58,"column":20},"end":{"line":58,"column":44}},"33":{"start":{"line":60,"column":2},"end":{"line":140,"column":null}}},"fnMap":{"0":{"name":"LoadingProgress","decl":{"start":{"line":15,"column":16},"end":{"line":15,"column":31}},"loc":{"start":{"line":15,"column":31},"end":{"line":141,"column":1}}},"1":{"name":"(anonymous_1)","decl":{"start":{"line":20,"column":12},"end":{"line":20,"column":15}},"loc":{"start":{"line":20,"column":17},"end":{"line":52,"column":3}}},"2":{"name":"(anonymous_2)","decl":{"start":{"line":42,"column":33},"end":{"line":42,"column":36}},"loc":{"start":{"line":42,"column":38},"end":{"line":49,"column":5}}},"3":{"name":"(anonymous_3)","decl":{"start":{"line":51,"column":11},"end":{"line":51,"column":14}},"loc":{"start":{"line":51,"column":17},"end":{"line":51,"column":40}}},"4":{"name":"(anonymous_4)","decl":{"start":{"line":80,"column":19},"end":{"line":80,"column":22}},"loc":{"start":{"line":80,"column":24},"end":{"line":82,"column":11}}}},"branchMap":{"0":{"loc":{"start":{"line":21,"column":4},"end":{"line":24,"column":5}},"type":"if","locations":[{"start":{"line":21,"column":4},"end":{"line":24,"column":5}},{"start":{},"end":{}}]},"1":{"loc":{"start":{"line":21,"column":8},"end":{"line":21,"column":38}},"type":"binary-expr","locations":[{"start":{"line":21,"column":8},"end":{"line":21,"column":21}},{"start":{"line":21,"column":25},"end":{"line":21,"column":38}}]},"2":{"loc":{"start":{"line":29,"column":4},"end":{"line":31,"column":5}},"type":"if","locations":[{"start":{"line":29,"column":4},"end":{"line":31,"column":5}},{"start":{},"end":{}}]},"3":{"loc":{"start":{"line":46,"column":6},"end":{"line":48,"column":7}},"type":"if","locations":[{"start":{"line":46,"column":6},"end":{"line":48,"column":7}},{"start":{},"end":{}}]},"4":{"loc":{"start":{"line":54,"column":2},"end":{"line":56,"column":3}},"type":"if","locations":[{"start":{"line":54,"column":2},"end":{"line":56,"column":3}},{"start":{},"end":{}}]},"5":{"loc":{"start":{"line":54,"column":6},"end":{"line":54,"column":36}},"type":"binary-expr","locations":[{"start":{"line":54,"column":6},"end":{"line":54,"column":19}},{"start":{"line":54,"column":23},"end":{"line":54,"column":36}}]},"6":{"loc":{"start":{"line":102,"column":21},"end":{"line":102,"column":85}},"type":"cond-expr","locations":[{"start":{"line":102,"column":51},"end":{"line":102,"column":80}},{"start":{"line":102,"column":83},"end":{"line":102,"column":85}}]},"7":{"loc":{"start":{"line":104,"column":24},"end":{"line":104,"column":72}},"type":"cond-expr","locations":[{"start":{"line":104,"column":54},"end":{"line":104,"column":60}},{"start":{"line":104,"column":63},"end":{"line":104,"column":72}}]},"8":{"loc":{"start":{"line":108,"column":9},"end":{"line":115,"column":null}},"type":"binary-expr","locations":[{"start":{"line":108,"column":9},"end":{"line":108,"column":22}},{"start":{"line":109,"column":10},"end":{"line":112,"column":null}}]},"9":{"loc":{"start":{"line":110,"column":23},"end":{"line":110,"column":88}},"type":"cond-expr","locations":[{"start":{"line":110,"column":54},"end":{"line":110,"column":83}},{"start":{"line":110,"column":86},"end":{"line":110,"column":88}}]},"10":{"loc":{"start":{"line":112,"column":26},"end":{"line":112,"column":75}},"type":"cond-expr","locations":[{"start":{"line":112,"column":57},"end":{"line":112,"column":63}},{"start":{"line":112,"column":66},"end":{"line":112,"column":75}}]},"11":{"loc":{"start":{"line":118,"column":21},"end":{"line":118,"column":88}},"type":"cond-expr","locations":[{"start":{"line":118,"column":54},"end":{"line":118,"column":83}},{"start":{"line":118,"column":86},"end":{"line":118,"column":88}}]},"12":{"loc":{"start":{"line":120,"column":24},"end":{"line":120,"column":75}},"type":"cond-expr","locations":[{"start":{"line":120,"column":57},"end":{"line":120,"column":63}},{"start":{"line":120,"column":66},"end":{"line":120,"column":75}}]},"13":{"loc":{"start":{"line":125,"column":21},"end":{"line":125,"column":87}},"type":"cond-expr","locations":[{"start":{"line":125,"column":53},"end":{"line":125,"column":82}},{"start":{"line":125,"column":85},"end":{"line":125,"column":87}}]},"14":{"loc":{"start":{"line":127,"column":24},"end":{"line":127,"column":74}},"type":"cond-expr","locations":[{"start":{"line":127,"column":56},"end":{"line":127,"column":62}},{"start":{"line":127,"column":65},"end":{"line":127,"column":74}}]},"15":{"loc":{"start":{"line":132,"column":21},"end":{"line":132,"column":87}},"type":"cond-expr","locations":[{"start":{"line":132,"column":53},"end":{"line":132,"column":82}},{"start":{"line":132,"column":85},"end":{"line":132,"column":87}}]},"16":{"loc":{"start":{"line":134,"column":24},"end":{"line":134,"column":74}},"type":"cond-expr","locations":[{"start":{"line":134,"column":56},"end":{"line":134,"column":62}},{"start":{"line":134,"column":65},"end":{"line":134,"column":74}}]}},"s":{"0":1,"1":1,"2":1,"3":1,"4":1,"5":1,"6":1,"7":0,"8":0,"9":0,"10":0,"11":0,"12":0,"13":0,"14":0,"15":0,"16":0,"17":0,"18":0,"19":0,"20":0,"21":0,"22":0,"23":0,"24":0,"25":0,"26":0,"27":0,"28":0,"29":0,"30":0,"31":0,"32":0,"33":0},"f":{"0":0,"1":0,"2":0,"3":0,"4":0},"b":{"0":[0,0],"1":[0,0],"2":[0,0],"3":[0,0],"4":[0,0],"5":[0,0],"6":[0,0],"7":[0,0],"8":[0,0],"9":[0,0],"10":[0,0],"11":[0,0],"12":[0,0],"13":[0,0],"14":[0,0],"15":[0,0],"16":[0,0]}}
,"C:\\Users\\Cheney\\Documents\\Github\\LearningSong\\frontend\\src\\components\\RateLimitIndicator.tsx": {"path":"C:\\Users\\Cheney\\Documents\\Github\\LearningSong\\frontend\\src\\components\\RateLimitIndicator.tsx","statementMap":{"0":{"start":{"line":5,"column":0},"end":{"line":5,"column":16}},"1":{"start":{"line":1,"column":0},"end":{"line":1,"column":43}},"2":{"start":{"line":2,"column":0},"end":{"line":2,"column":48}},"3":{"start":{"line":3,"column":0},"end":{"line":3,"column":32}},"4":{"start":{"line":6,"column":37},"end":{"line":6,"column":51}},"5":{"start":{"line":7,"column":44},"end":{"line":7,"column":64}},"6":{"start":{"line":10,"column":2},"end":{"line":34,"column":null}},"7":{"start":{"line":11,"column":4},"end":{"line":11,"column":33}},"8":{"start":{"line":11,"column":27},"end":{"line":11,"column":33}},"9":{"start":{"line":13,"column":24},"end":{"line":28,"column":5}},"10":{"start":{"line":14,"column":24},"end":{"line":14,"column":49}},"11":{"start":{"line":15,"column":18},"end":{"line":15,"column":28}},"12":{"start":{"line":16,"column":19},"end":{"line":16,"column":54}},"13":{"start":{"line":18,"column":6},"end":{"line":21,"column":7}},"14":{"start":{"line":19,"column":8},"end":{"line":19,"column":null}},"15":{"start":{"line":20,"column":8},"end":{"line":20,"column":14}},"16":{"start":{"line":23,"column":20},"end":{"line":23,"column":55}},"17":{"start":{"line":24,"column":22},"end":{"line":24,"column":73}},"18":{"start":{"line":25,"column":22},"end":{"line":25,"column":61}},"19":{"start":{"line":27,"column":6},"end":{"line":27,"column":null}},"20":{"start":{"line":30,"column":4},"end":{"line":30,"column":null}},"21":{"start":{"line":31,"column":21},"end":{"line":31,"column":51}},"22":{"start":{"line":33,"column":4},"end":{"line":33,"column":null}},"23":{"start":{"line":33,"column":17},"end":{"line":33,"column":40}},"24":{"start":{"line":37,"column":24},"end":{"line":41,"column":3}},"25":{"start":{"line":38,"column":4},"end":{"line":38,"column":null}},"26":{"start":{"line":38,"column":25},"end":{"line":38,"column":null}},"27":{"start":{"line":39,"column":4},"end":{"line":39,"column":null}},"28":{"start":{"line":39,"column":24},"end":{"line":39,"column":null}},"29":{"start":{"line":40,"column":4},"end":{"line":40,"column":null}},"30":{"start":{"line":43,"column":2},"end":{"line":54,"column":3}},"31":{"start":{"line":44,"column":4},"end":{"line":53,"column":null}},"32":{"start":{"line":56,"column":2},"end":{"line":66,"column":3}},"33":{"start":{"line":57,"column":4},"end":{"line":65,"column":null}},"34":{"start":{"line":68,"column":2},"end":{"line":68,"column":null}},"35":{"start":{"line":68,"column":13},"end":{"line":68,"column":null}},"36":{"start":{"line":70,"column":20},"end":{"line":70,"column":34}},"37":{"start":{"line":72,"column":2},"end":{"line":91,"column":null}}},"fnMap":{"0":{"name":"RateLimitIndicator","decl":{"start":{"line":5,"column":16},"end":{"line":5,"column":34}},"loc":{"start":{"line":5,"column":34},"end":{"line":92,"column":1}}},"1":{"name":"(anonymous_1)","decl":{"start":{"line":10,"column":12},"end":{"line":10,"column":15}},"loc":{"start":{"line":10,"column":17},"end":{"line":34,"column":3}}},"2":{"name":"(anonymous_2)","decl":{"start":{"line":13,"column":24},"end":{"line":13,"column":27}},"loc":{"start":{"line":13,"column":29},"end":{"line":28,"column":5}}},"3":{"name":"(anonymous_3)","decl":{"start":{"line":33,"column":11},"end":{"line":33,"column":14}},"loc":{"start":{"line":33,"column":17},"end":{"line":33,"column":40}}},"4":{"name":"(anonymous_4)","decl":{"start":{"line":37,"column":24},"end":{"line":37,"column":25}},"loc":{"start":{"line":37,"column":46},"end":{"line":41,"column":3}}}},"branchMap":{"0":{"loc":{"start":{"line":11,"column":4},"end":{"line":11,"column":33}},"type":"if","locations":[{"start":{"line":11,"column":4},"end":{"line":11,"column":33}},{"start":{},"end":{}}]},"1":{"loc":{"start":{"line":11,"column":9},"end":{"line":11,"column":25}},"type":"cond-expr","locations":[{"start":{"line":11,"column":13},"end":{"line":11,"column":15}},{"start":{"line":11,"column":9},"end":{"line":11,"column":25}}]},"2":{"loc":{"start":{"line":11,"column":9},"end":{"line":11,"column":15}},"type":"binary-expr","locations":[{"start":{"line":11,"column":9},"end":{"line":11,"column":15}},{"start":{"line":11,"column":9},"end":{"line":11,"column":15}}]},"3":{"loc":{"start":{"line":18,"column":6},"end":{"line":21,"column":7}},"type":"if","locations":[{"start":{"line":18,"column":6},"end":{"line":21,"column":7}},{"start":{},"end":{}}]},"4":{"loc":{"start":{"line":34,"column":6},"end":{"line":34,"column":22}},"type":"cond-expr","locations":[{"start":{"line":34,"column":10},"end":{"line":34,"column":12}},{"start":{"line":34,"column":6},"end":{"line":34,"column":22}}]},"5":{"loc":{"start":{"line":34,"column":6},"end":{"line":34,"column":12}},"type":"binary-expr","locations":[{"start":{"line":34,"column":6},"end":{"line":34,"column":12}},{"start":{"line":34,"column":6},"end":{"line":34,"column":12}}]},"6":{"loc":{"start":{"line":38,"column":4},"end":{"line":38,"column":null}},"type":"if","locations":[{"start":{"line":38,"column":4},"end":{"line":38,"column":null}},{"start":{},"end":{}}]},"7":{"loc":{"start":{"line":39,"column":4},"end":{"line":39,"column":null}},"type":"if","locations":[{"start":{"line":39,"column":4},"end":{"line":39,"column":null}},{"start":{},"end":{}}]},"8":{"loc":{"start":{"line":43,"column":2},"end":{"line":54,"column":3}},"type":"if","locations":[{"start":{"line":43,"column":2},"end":{"line":54,"column":3}},{"start":{},"end":{}}]},"9":{"loc":{"start":{"line":56,"column":2},"end":{"line":66,"column":3}},"type":"if","locations":[{"start":{"line":56,"column":2},"end":{"line":66,"column":3}},{"start":{},"end":{}}]},"10":{"loc":{"start":{"line":68,"column":2},"end":{"line":68,"column":null}},"type":"if","locations":[{"start":{"line":68,"column":2},"end":{"line":68,"column":null}},{"start":{},"end":{}}]},"11":{"loc":{"start":{"line":85,"column":7},"end":{"line":88,"column":null}},"type":"binary-expr","locations":[{"start":{"line":85,"column":7},"end":{"line":85,"column":22}},{"start":{"line":85,"column":26},"end":{"line":85,"column":39}},{"start":{"line":86,"column":8},"end":{"line":87,"column":null}}]}},"s":{"0":2,"1":2,"2":2,"3":2,"4":492,"5":492,"6":492,"7":31,"8":15,"9":16,"10":23,"11":23,"12":23,"13":23,"14":0,"15":0,"16":23,"17":23,"18":23,"19":23,"20":16,"21":16,"22":16,"23":16,"24":492,"25":464,"26":419,"27":45,"28":8,"29":37,"30":492,"31":27,"32":465,"33":1,"34":464,"35":0,"36":464,"37":464},"f":{"0":492,"1":31,"2":23,"3":16,"4":464},"b":{"0":[15,16],"1":[15,16],"2":[31,31],"3":[0,23],"4":[28,464],"5":[492,492],"6":[419,45],"7":[8,37],"8":[27,465],"9":[1,464],"10":[0,464],"11":[464,37,32]}}
,"C:\\Users\\Cheney\\Documents\\Github\\LearningSong\\frontend\\src\\components\\SearchToggle.tsx": {"path":"C:\\Users\\Cheney\\Documents\\Github\\LearningSong\\frontend\\src\\components\\SearchToggle.tsx","statementMap":{"0":{"start":{"line":4,"column":0},"end":{"line":4,"column":16}},"1":{"start":{"line":1,"column":0},"end":{"line":1,"column":47}},"2":{"start":{"line":2,"column":0},"end":{"line":2,"column":59}},"3":{"start":{"line":5,"column":42},"end":{"line":5,"column":61}},"4":{"start":{"line":7,"column":2},"end":{"line":31,"column":null}}},"fnMap":{"0":{"name":"SearchToggle","decl":{"start":{"line":4,"column":16},"end":{"line":4,"column":28}},"loc":{"start":{"line":4,"column":28},"end":{"line":32,"column":1}}}},"branchMap":{},"s":{"0":2,"1":2,"2":2,"3":462,"4":462},"f":{"0":462},"b":{}}
,"C:\\Users\\Cheney\\Documents\\Github\\LearningSong\\frontend\\src\\components\\TextInputArea.tsx": {"path":"C:\\Users\\Cheney\\Documents\\Github\\LearningSong\\frontend\\src\\components\\TextInputArea.tsx","statementMap":{"0":{"start":{"line":6,"column":0},"end":{"line":6,"column":16}},"1":{"start":{"line":1,"column":0},"end":{"line":1,"column":41}},"2":{"start":{"line":2,"column":0},"end":{"line":2,"column":51}},"3":{"start":{"line":3,"column":0},"end":{"line":3,"column":59}},"4":{"start":{"line":4,"column":0},"end":{"line":4,"column":32}},"5":{"start":{"line":7,"column":34},"end":{"line":7,"column":53}},"6":{"start":{"line":8,"column":22},"end":{"line":8,"column":55}},"7":{"start":{"line":11,"column":20},"end":{"line":11,"column":75}},"8":{"start":{"line":14,"column":19},"end":{"line":18,"column":3}},"9":{"start":{"line":15,"column":4},"end":{"line":15,"column":null}},"10":{"start":{"line":15,"column":27},"end":{"line":15,"column":null}},"11":{"start":{"line":16,"column":4},"end":{"line":16,"column":null}},"12":{"start":{"line":16,"column":27},"end":{"line":16,"column":null}},"13":{"start":{"line":17,"column":4},"end":{"line":17,"column":null}},"14":{"start":{"line":20,"column":16},"end":{"line":20,"column":26}},"15":{"start":{"line":23,"column":2},"end":{"line":29,"column":null}},"16":{"start":{"line":24,"column":21},"end":{"line":24,"column":40}},"17":{"start":{"line":25,"column":4},"end":{"line":28,"column":5}},"18":{"start":{"line":26,"column":6},"end":{"line":26,"column":null}},"19":{"start":{"line":27,"column":6},"end":{"line":27,"column":null}},"20":{"start":{"line":31,"column":2},"end":{"line":60,"column":null}},"21":{"start":{"line":36,"column":25},"end":{"line":36,"column":51}}},"fnMap":{"0":{"name":"TextInputArea","decl":{"start":{"line":6,"column":16},"end":{"line":6,"column":29}},"loc":{"start":{"line":6,"column":29},"end":{"line":61,"column":1}}},"1":{"name":"(anonymous_1)","decl":{"start":{"line":14,"column":19},"end":{"line":14,"column":22}},"loc":{"start":{"line":14,"column":24},"end":{"line":18,"column":3}}},"2":{"name":"(anonymous_2)","decl":{"start":{"line":23,"column":12},"end":{"line":23,"column":15}},"loc":{"start":{"line":23,"column":17},"end":{"line":29,"column":3}}},"3":{"name":"(anonymous_3)","decl":{"start":{"line":36,"column":18},"end":{"line":36,"column":19}},"loc":{"start":{"line":36,"column":25},"end":{"line":36,"column":51}}}},"branchMap":{"0":{"loc":{"start":{"line":11,"column":20},"end":{"line":11,"column":75}},"type":"cond-expr","locations":[{"start":{"line":11,"column":37},"end":{"line":11,"column":71}},{"start":{"line":11,"column":74},"end":{"line":11,"column":75}}]},"1":{"loc":{"start":{"line":15,"column":4},"end":{"line":15,"column":null}},"type":"if","locations":[{"start":{"line":15,"column":4},"end":{"line":15,"column":null}},{"start":{},"end":{}}]},"2":{"loc":{"start":{"line":16,"column":4},"end":{"line":16,"column":null}},"type":"if","locations":[{"start":{"line":16,"column":4},"end":{"line":16,"column":null}},{"start":{},"end":{}}]},"3":{"loc":{"start":{"line":25,"column":4},"end":{"line":28,"column":5}},"type":"if","locations":[{"start":{"line":25,"column":4},"end":{"line":28,"column":5}},{"start":{},"end":{}}]},"4":{"loc":{"start":{"line":40,"column":10},"end":{"line":40,"column":82}},"type":"binary-expr","locations":[{"start":{"line":40,"column":10},"end":{"line":40,"column":29}},{"start":{"line":40,"column":33},"end":{"line":40,"column":82}}]},"5":{"loc":{"start":{"line":41,"column":10},"end":{"line":41,"column":74}},"type":"binary-expr","locations":[{"start":{"line":41,"column":10},"end":{"line":41,"column":27}},{"start":{"line":41,"column":31},"end":{"line":41,"column":74}}]},"6":{"loc":{"start":{"line":51,"column":10},"end":{"line":51,"column":55}},"type":"binary-expr","locations":[{"start":{"line":51,"column":10},"end":{"line":51,"column":28}},{"start":{"line":51,"column":32},"end":{"line":51,"column":55}}]},"7":{"loc":{"start":{"line":52,"column":10},"end":{"line":52,"column":83}},"type":"binary-expr","locations":[{"start":{"line":52,"column":10},"end":{"line":52,"column":29}},{"start":{"line":52,"column":33},"end":{"line":52,"column":83}}]},"8":{"loc":{"start":{"line":53,"column":10},"end":{"line":53,"column":77}},"type":"binary-expr","locations":[{"start":{"line":53,"column":10},"end":{"line":53,"column":27}},{"start":{"line":53,"column":31},"end":{"line":53,"column":77}}]},"9":{"loc":{"start":{"line":57,"column":9},"end":{"line":57,"column":56}},"type":"binary-expr","locations":[{"start":{"line":57,"column":9},"end":{"line":57,"column":26}},{"start":{"line":57,"column":30},"end":{"line":57,"column":56}}]}},"s":{"0":2,"1":2,"2":2,"3":2,"4":2,"5":463,"6":463,"7":463,"8":463,"9":463,"10":1,"11":462,"12":1,"13":461,"14":463,"15":463,"16":449,"17":449,"18":449,"19":449,"20":463,"21":440},"f":{"0":463,"1":463,"2":449,"3":440},"b":{"0":[454,9],"1":[1,462],"2":[1,461],"3":[449,0],"4":[463,1],"5":[463,1],"6":[463,461],"7":[463,1],"8":[463,1],"9":[463,1]}}
,"C:\\Users\\Cheney\\Documents\\Github\\LearningSong\\frontend\\src\\components\\ui\\button-variants.ts": {"path":"C:\\Users\\Cheney\\Documents\\Github\\LearningSong\\frontend\\src\\components\\ui\\button-variants.ts","statementMap":{"0":{"start":{"line":1,"column":0},"end":{"line":1,"column":46}},"1":{"start":{"line":3,"column":13},"end":{"line":31,"column":null}}},"fnMap":{},"branchMap":{},"s":{"0":3,"1":3},"f":{},"b":{}}
,"C:\\Users\\Cheney\\Documents\\Github\\LearningSong\\frontend\\src\\components\\ui\\button.tsx": {"path":"C:\\Users\\Cheney\\Documents\\Github\\LearningSong\\frontend\\src\\components\\ui\\button.tsx","statementMap":{"0":{"start":{"line":1,"column":0},"end":{"line":1,"column":30}},"1":{"start":{"line":2,"column":0},"end":{"line":2,"column":43}},"2":{"start":{"line":5,"column":0},"end":{"line":5,"column":32}},"3":{"start":{"line":6,"column":0},"end":{"line":6,"column":50}},"4":{"start":{"line":14,"column":15},"end":{"line":24,"column":null}},"5":{"start":{"line":15,"column":46},"end":{"line":15,"column":51}},"6":{"start":{"line":15,"column":56},"end":{"line":15,"column":60}},"7":{"start":{"line":16,"column":17},"end":{"line":16,"column":42}},"8":{"start":{"line":17,"column":4},"end":{"line":23,"column":null}},"9":{"start":{"line":28,"column":9},"end":{"line":28,"column":15}},"10":{"start":{"line":26,"column":0},"end":{"line":26,"column":null}}},"fnMap":{"0":{"name":"(anonymous_10)","decl":{"start":{"line":15,"column":2},"end":{"line":15,"column":3}},"loc":{"start":{"line":15,"column":67},"end":{"line":24,"column":3}}}},"branchMap":{"0":{"loc":{"start":{"line":15,"column":31},"end":{"line":15,"column":46}},"type":"default-arg","locations":[{"start":{"line":15,"column":41},"end":{"line":15,"column":46}}]},"1":{"loc":{"start":{"line":16,"column":17},"end":{"line":16,"column":42}},"type":"cond-expr","locations":[{"start":{"line":16,"column":27},"end":{"line":16,"column":31}},{"start":{"line":16,"column":34},"end":{"line":16,"column":42}}]}},"s":{"0":3,"1":3,"2":3,"3":3,"4":3,"5":487,"6":487,"7":487,"8":487,"9":3,"10":3},"f":{"0":487},"b":{"0":[487],"1":[0,487]}}
,"C:\\Users\\Cheney\\Documents\\Github\\LearningSong\\frontend\\src\\components\\ui\\card.tsx": {"path":"C:\\Users\\Cheney\\Documents\\Github\\LearningSong\\frontend\\src\\components\\ui\\card.tsx","statementMap":{"0":{"start":{"line":1,"column":0},"end":{"line":1,"column":30}},"1":{"start":{"line":3,"column":0},"end":{"line":3,"column":32}},"2":{"start":{"line":5,"column":13},"end":{"line":17,"column":2}},"3":{"start":{"line":8,"column":14},"end":{"line":8,"column":19}},"4":{"start":{"line":8,"column":24},"end":{"line":8,"column":28}},"5":{"start":{"line":8,"column":36},"end":{"line":17,"column":2}},"6":{"start":{"line":76,"column":9},"end":{"line":76,"column":13}},"7":{"start":{"line":18,"column":0},"end":{"line":18,"column":null}},"8":{"start":{"line":20,"column":19},"end":{"line":29,"column":2}},"9":{"start":{"line":23,"column":14},"end":{"line":23,"column":19}},"10":{"start":{"line":23,"column":24},"end":{"line":23,"column":28}},"11":{"start":{"line":23,"column":36},"end":{"line":29,"column":2}},"12":{"start":{"line":76,"column":15},"end":{"line":76,"column":25}},"13":{"start":{"line":30,"column":0},"end":{"line":30,"column":null}},"14":{"start":{"line":32,"column":18},"end":{"line":41,"column":2}},"15":{"start":{"line":35,"column":14},"end":{"line":35,"column":19}},"16":{"start":{"line":35,"column":24},"end":{"line":35,"column":28}},"17":{"start":{"line":35,"column":36},"end":{"line":41,"column":2}},"18":{"start":{"line":76,"column":39},"end":{"line":76,"column":48}},"19":{"start":{"line":42,"column":0},"end":{"line":42,"column":null}},"20":{"start":{"line":44,"column":24},"end":{"line":53,"column":2}},"21":{"start":{"line":47,"column":14},"end":{"line":47,"column":19}},"22":{"start":{"line":47,"column":24},"end":{"line":47,"column":28}},"23":{"start":{"line":47,"column":36},"end":{"line":53,"column":2}},"24":{"start":{"line":76,"column":50},"end":{"line":76,"column":65}},"25":{"start":{"line":54,"column":0},"end":{"line":54,"column":null}},"26":{"start":{"line":56,"column":20},"end":{"line":61,"column":2}},"27":{"start":{"line":59,"column":14},"end":{"line":59,"column":19}},"28":{"start":{"line":59,"column":24},"end":{"line":59,"column":28}},"29":{"start":{"line":59,"column":36},"end":{"line":61,"column":2}},"30":{"start":{"line":76,"column":67},"end":{"line":76,"column":78}},"31":{"start":{"line":62,"column":0},"end":{"line":62,"column":null}},"32":{"start":{"line":64,"column":19},"end":{"line":73,"column":2}},"33":{"start":{"line":67,"column":14},"end":{"line":67,"column":19}},"34":{"start":{"line":67,"column":24},"end":{"line":67,"column":28}},"35":{"start":{"line":67,"column":36},"end":{"line":73,"column":2}},"36":{"start":{"line":76,"column":27},"end":{"line":76,"column":37}},"37":{"start":{"line":74,"column":0},"end":{"line":74,"column":null}}},"fnMap":{"0":{"name":"(anonymous_10)","decl":{"start":{"line":8,"column":2},"end":{"line":8,"column":3}},"loc":{"start":{"line":8,"column":35},"end":{"line":17,"column":2}}},"1":{"name":"(anonymous_11)","decl":{"start":{"line":23,"column":2},"end":{"line":23,"column":3}},"loc":{"start":{"line":23,"column":35},"end":{"line":29,"column":2}}},"2":{"name":"(anonymous_12)","decl":{"start":{"line":35,"column":2},"end":{"line":35,"column":3}},"loc":{"start":{"line":35,"column":35},"end":{"line":41,"column":2}}},"3":{"name":"(anonymous_13)","decl":{"start":{"line":47,"column":2},"end":{"line":47,"column":3}},"loc":{"start":{"line":47,"column":35},"end":{"line":53,"column":2}}},"4":{"name":"(anonymous_14)","decl":{"start":{"line":59,"column":2},"end":{"line":59,"column":3}},"loc":{"start":{"line":59,"column":35},"end":{"line":61,"column":2}}},"5":{"name":"(anonymous_15)","decl":{"start":{"line":67,"column":2},"end":{"line":67,"column":3}},"loc":{"start":{"line":67,"column":35},"end":{"line":73,"column":2}}}},"branchMap":{},"s":{"0":0,"1":0,"2":0,"3":0,"4":0,"5":0,"6":0,"7":0,"8":0,"9":0,"10":0,"11":0,"12":0,"13":0,"14":0,"15":0,"16":0,"17":0,"18":0,"19":0,"20":0,"21":0,"22":0,"23":0,"24":0,"25":0,"26":0,"27":0,"28":0,"29":0,"30":0,"31":0,"32":0,"33":0,"34":0,"35":0,"36":0,"37":0},"f":{"0":0,"1":0,"2":0,"3":0,"4":0,"5":0},"b":{}}
,"C:\\Users\\Cheney\\Documents\\Github\\LearningSong\\frontend\\src\\components\\ui\\input.tsx": {"path":"C:\\Users\\Cheney\\Documents\\Github\\LearningSong\\frontend\\src\\components\\ui\\input.tsx","statementMap":{"0":{"start":{"line":1,"column":0},"end":{"line":1,"column":30}},"1":{"start":{"line":3,"column":0},"end":{"line":3,"column":32}},"2":{"start":{"line":5,"column":14},"end":{"line":18,"column":null}},"3":{"start":{"line":6,"column":20},"end":{"line":6,"column":25}},"4":{"start":{"line":6,"column":30},"end":{"line":6,"column":34}},"5":{"start":{"line":7,"column":4},"end":{"line":17,"column":null}},"6":{"start":{"line":22,"column":9},"end":{"line":22,"column":14}},"7":{"start":{"line":20,"column":0},"end":{"line":20,"column":null}}},"fnMap":{"0":{"name":"(anonymous_10)","decl":{"start":{"line":6,"column":2},"end":{"line":6,"column":3}},"loc":{"start":{"line":6,"column":41},"end":{"line":18,"column":3}}}},"branchMap":{},"s":{"0":0,"1":0,"2":0,"3":0,"4":0,"5":0,"6":0,"7":0},"f":{"0":0},"b":{}}
,"C:\\Users\\Cheney\\Documents\\Github\\LearningSong\\frontend\\src\\components\\ui\\progress.tsx": {"path":"C:\\Users\\Cheney\\Documents\\Github\\LearningSong\\frontend\\src\\components\\ui\\progress.tsx","statementMap":{"0":{"start":{"line":1,"column":0},"end":{"line":1,"column":30}},"1":{"start":{"line":2,"column":0},"end":{"line":2,"column":61}},"2":{"start":{"line":4,"column":0},"end":{"line":4,"column":32}},"3":{"start":{"line":6,"column":17},"end":{"line":23,"column":2}},"4":{"start":{"line":9,"column":21},"end":{"line":9,"column":26}},"5":{"start":{"line":9,"column":31},"end":{"line":9,"column":35}},"6":{"start":{"line":9,"column":43},"end":{"line":23,"column":2}},"7":{"start":{"line":26,"column":9},"end":{"line":26,"column":17}},"8":{"start":{"line":24,"column":0},"end":{"line":24,"column":null}}},"fnMap":{"0":{"name":"(anonymous_10)","decl":{"start":{"line":9,"column":2},"end":{"line":9,"column":3}},"loc":{"start":{"line":9,"column":42},"end":{"line":23,"column":2}}}},"branchMap":{"0":{"loc":{"start":{"line":20,"column":48},"end":{"line":20,"column":58}},"type":"binary-expr","locations":[{"start":{"line":20,"column":48},"end":{"line":20,"column":53}},{"start":{"line":20,"column":57},"end":{"line":20,"column":58}}]}},"s":{"0":1,"1":1,"2":1,"3":1,"4":0,"5":0,"6":0,"7":1,"8":1},"f":{"0":0},"b":{"0":[0,0]}}
,"C:\\Users\\Cheney\\Documents\\Github\\LearningSong\\frontend\\src\\components\\ui\\sonner.tsx": {"path":"C:\\Users\\Cheney\\Documents\\Github\\LearningSong\\frontend\\src\\components\\ui\\sonner.tsx","statementMap":{"0":{"start":{"line":1,"column":0},"end":{"line":1,"column":42}},"1":{"start":{"line":5,"column":16},"end":{"line":24,"column":1}},"2":{"start":{"line":5,"column":27},"end":{"line":5,"column":43}},"3":{"start":{"line":6,"column":2},"end":{"line":23,"column":null}},"4":{"start":{"line":26,"column":9},"end":{"line":26,"column":16}}},"fnMap":{"0":{"name":"(anonymous_1)","decl":{"start":{"line":5,"column":16},"end":{"line":5,"column":17}},"loc":{"start":{"line":5,"column":47},"end":{"line":24,"column":1}}}},"branchMap":{},"s":{"0":0,"1":0,"2":0,"3":0,"4":0},"f":{"0":0},"b":{}}
,"C:\\Users\\Cheney\\Documents\\Github\\LearningSong\\frontend\\src\\components\\ui\\switch.tsx": {"path":"C:\\Users\\Cheney\\Documents\\Github\\LearningSong\\frontend\\src\\components\\ui\\switch.tsx","statementMap":{"0":{"start":{"line":1,"column":0},"end":{"line":1,"column":30}},"1":{"start":{"line":2,"column":0},"end":{"line":2,"column":58}},"2":{"start":{"line":4,"column":0},"end":{"line":4,"column":32}},"3":{"start":{"line":6,"column":15},"end":{"line":24,"column":2}},"4":{"start":{"line":9,"column":14},"end":{"line":9,"column":19}},"5":{"start":{"line":9,"column":24},"end":{"line":9,"column":28}},"6":{"start":{"line":9,"column":36},"end":{"line":24,"column":2}},"7":{"start":{"line":27,"column":9},"end":{"line":27,"column":15}},"8":{"start":{"line":25,"column":0},"end":{"line":25,"column":null}}},"fnMap":{"0":{"name":"(anonymous_10)","decl":{"start":{"line":9,"column":2},"end":{"line":9,"column":3}},"loc":{"start":{"line":9,"column":35},"end":{"line":24,"column":2}}}},"branchMap":{},"s":{"0":2,"1":2,"2":2,"3":2,"4":462,"5":462,"6":462,"7":2,"8":2},"f":{"0":462},"b":{}}
,"C:\\Users\\Cheney\\Documents\\Github\\LearningSong\\frontend\\src\\components\\ui\\textarea.tsx": {"path":"C:\\Users\\Cheney\\Documents\\Github\\LearningSong\\frontend\\src\\components\\ui\\textarea.tsx","statementMap":{"0":{"start":{"line":1,"column":0},"end":{"line":1,"column":30}},"1":{"start":{"line":3,"column":0},"end":{"line":3,"column":32}},"2":{"start":{"line":5,"column":17},"end":{"line":19,"column":2}},"3":{"start":{"line":8,"column":14},"end":{"line":8,"column":19}},"4":{"start":{"line":8,"column":24},"end":{"line":8,"column":28}},"5":{"start":{"line":9,"column":2},"end":{"line":18,"column":null}},"6":{"start":{"line":22,"column":9},"end":{"line":22,"column":17}},"7":{"start":{"line":20,"column":0},"end":{"line":20,"column":null}}},"fnMap":{"0":{"name":"(anonymous_10)","decl":{"start":{"line":8,"column":2},"end":{"line":8,"column":3}},"loc":{"start":{"line":8,"column":35},"end":{"line":19,"column":1}}}},"branchMap":{},"s":{"0":2,"1":2,"2":2,"3":463,"4":463,"5":463,"6":2,"7":2},"f":{"0":463},"b":{}}
,"C:\\Users\\Cheney\\Documents\\Github\\LearningSong\\frontend\\src\\hooks\\useAuth.ts": {"path":"C:\\Users\\Cheney\\Documents\\Github\\LearningSong\\frontend\\src\\hooks\\useAuth.ts","statementMap":{"0":{"start":{"line":1,"column":0},"end":{"line":1,"column":44}},"1":{"start":{"line":2,"column":0},"end":{"line":2,"column":62}},"2":{"start":{"line":3,"column":0},"end":{"line":3,"column":57}},"3":{"start":{"line":5,"column":20},"end":{"line":5,"column":42}},"4":{"start":{"line":19,"column":23},"end":{"line":66,"column":1}},"5":{"start":{"line":20,"column":30},"end":{"line":23,"column":4}},"6":{"start":{"line":22,"column":4},"end":{"line":22,"column":45}},"7":{"start":{"line":24,"column":32},"end":{"line":24,"column":55}},"8":{"start":{"line":25,"column":28},"end":{"line":25,"column":56}},"9":{"start":{"line":27,"column":2},"end":{"line":63,"column":9}},"10":{"start":{"line":30,"column":24},"end":{"line":58,"column":null}},"11":{"start":{"line":32,"column":34},"end":{"line":53,"column":null}},"12":{"start":{"line":33,"column":8},"end":{"line":52,"column":9}},"13":{"start":{"line":34,"column":10},"end":{"line":47,"column":11}},"14":{"start":{"line":36,"column":24},"end":{"line":36,"column":32}},"15":{"start":{"line":37,"column":12},"end":{"line":37,"column":27}},"16":{"start":{"line":38,"column":12},"end":{"line":38,"column":51}},"17":{"start":{"line":39,"column":12},"end":{"line":39,"column":30}},"18":{"start":{"line":42,"column":27},"end":{"line":42,"column":56}},"19":{"start":{"line":43,"column":24},"end":{"line":43,"column":39}},"20":{"start":{"line":44,"column":12},"end":{"line":44,"column":27}},"21":{"start":{"line":45,"column":12},"end":{"line":45,"column":51}},"22":{"start":{"line":46,"column":12},"end":{"line":46,"column":30}},"23":{"start":{"line":49,"column":10},"end":{"line":49,"column":61}},"24":{"start":{"line":50,"column":10},"end":{"line":50,"column":33}},"25":{"start":{"line":51,"column":10},"end":{"line":51,"column":28}},"26":{"start":{"line":55,"column":8},"end":{"line":55,"column":55}},"27":{"start":{"line":56,"column":8},"end":{"line":56,"column":31}},"28":{"start":{"line":57,"column":8},"end":{"line":57,"column":26}},"29":{"start":{"line":62,"column":4},"end":{"line":62,"column":31}},"30":{"start":{"line":62,"column":17},"end":{"line":62,"column":30}},"31":{"start":{"line":65,"column":2},"end":{"line":65,"column":36}},"32":{"start":{"line":19,"column":13},"end":{"line":19,"column":23}}},"fnMap":{"0":{"name":"(anonymous_7)","decl":{"start":{"line":19,"column":23},"end":{"line":19,"column":41}},"loc":{"start":{"line":19,"column":43},"end":{"line":66,"column":1}}},"1":{"name":"(anonymous_8)","decl":{"start":{"line":20,"column":54},"end":{"line":20,"column":57}},"loc":{"start":{"line":20,"column":59},"end":{"line":23,"column":3}}},"2":{"name":"(anonymous_9)","decl":{"start":{"line":27,"column":12},"end":{"line":27,"column":15}},"loc":{"start":{"line":27,"column":17},"end":{"line":63,"column":3}}},"3":{"name":"(anonymous_10)","decl":{"start":{"line":32,"column":6},"end":{"line":32,"column":13}},"loc":{"start":{"line":32,"column":34},"end":{"line":53,"column":null}}},"4":{"name":"(anonymous_11)","decl":{"start":{"line":32,"column":34},"end":{"line":32,"column":null}},"loc":{"start":{"line":32,"column":34},"end":{"line":53,"column":7}}},"5":{"name":"(anonymous_12)","decl":{"start":{"line":54,"column":6},"end":{"line":54,"column":7}},"loc":{"start":{"line":54,"column":14},"end":{"line":58,"column":7}}},"6":{"name":"(anonymous_13)","decl":{"start":{"line":62,"column":11},"end":{"line":62,"column":14}},"loc":{"start":{"line":62,"column":17},"end":{"line":62,"column":30}}}},"branchMap":{"0":{"loc":{"start":{"line":34,"column":10},"end":{"line":47,"column":11}},"type":"if","locations":[{"start":{"line":34,"column":10},"end":{"line":47,"column":11}},{"start":{"line":40,"column":17},"end":{"line":47,"column":11}}]}},"s":{"0":1,"1":1,"2":1,"3":1,"4":1,"5":0,"6":0,"7":0,"8":0,"9":0,"10":0,"11":0,"12":0,"13":0,"14":0,"15":0,"16":0,"17":0,"18":0,"19":0,"20":0,"21":0,"22":0,"23":0,"24":0,"25":0,"26":0,"27":0,"28":0,"29":0,"30":0,"31":0,"32":1},"f":{"0":0,"1":0,"2":0,"3":0,"4":0,"5":0,"6":0},"b":{"0":[0,0]}}
,"C:\\Users\\Cheney\\Documents\\Github\\LearningSong\\frontend\\src\\hooks\\useExample.ts": {"path":"C:\\Users\\Cheney\\Documents\\Github\\LearningSong\\frontend\\src\\hooks\\useExample.ts","statementMap":{"0":{"start":{"line":1,"column":0},"end":{"line":1,"column":77}},"1":{"start":{"line":2,"column":0},"end":{"line":2,"column":36}},"2":{"start":{"line":12,"column":26},"end":{"line":18,"column":null}},"3":{"start":{"line":14,"column":26},"end":{"line":14,"column":47}},"4":{"start":{"line":16,"column":26},"end":{"line":16,"column":47}},"5":{"start":{"line":17,"column":26},"end":{"line":17,"column":47}},"6":{"start":{"line":21,"column":13},"end":{"line":27,"column":null}},"7":{"start":{"line":23,"column":15},"end":{"line":23,"column":52}},"8":{"start":{"line":24,"column":47},"end":{"line":24,"column":89}},"9":{"start":{"line":25,"column":17},"end":{"line":25,"column":56}},"10":{"start":{"line":26,"column":26},"end":{"line":26,"column":65}},"11":{"start":{"line":30,"column":27},"end":{"line":40,"column":1}},"12":{"start":{"line":31,"column":2},"end":{"line":39,"column":null}},"13":{"start":{"line":33,"column":24},"end":{"line":38,"column":null}},"14":{"start":{"line":34,"column":19},"end":{"line":36,"column":8}},"15":{"start":{"line":37,"column":6},"end":{"line":37,"column":null}},"16":{"start":{"line":30,"column":13},"end":{"line":30,"column":27}},"17":{"start":{"line":43,"column":26},"end":{"line":52,"column":1}},"18":{"start":{"line":44,"column":2},"end":{"line":51,"column":null}},"19":{"start":{"line":46,"column":24},"end":{"line":49,"column":null}},"20":{"start":{"line":47,"column":19},"end":{"line":47,"column":81}},"21":{"start":{"line":48,"column":6},"end":{"line":48,"column":null}},"22":{"start":{"line":43,"column":13},"end":{"line":43,"column":26}},"23":{"start":{"line":55,"column":32},"end":{"line":68,"column":1}},"24":{"start":{"line":56,"column":22},"end":{"line":56,"column":38}},"25":{"start":{"line":58,"column":2},"end":{"line":67,"column":null}},"26":{"start":{"line":59,"column":62},"end":{"line":62,"column":null}},"27":{"start":{"line":60,"column":19},"end":{"line":60,"column":90}},"28":{"start":{"line":61,"column":6},"end":{"line":61,"column":null}},"29":{"start":{"line":65,"column":6},"end":{"line":65,"column":null}},"30":{"start":{"line":55,"column":13},"end":{"line":55,"column":32}},"31":{"start":{"line":71,"column":32},"end":{"line":85,"column":1}},"32":{"start":{"line":72,"column":22},"end":{"line":72,"column":38}},"33":{"start":{"line":74,"column":2},"end":{"line":84,"column":null}},"34":{"start":{"line":75,"column":83},"end":{"line":78,"column":null}},"35":{"start":{"line":76,"column":21},"end":{"line":76,"column":89}},"36":{"start":{"line":77,"column":6},"end":{"line":77,"column":null}},"37":{"start":{"line":81,"column":6},"end":{"line":81,"column":null}},"38":{"start":{"line":82,"column":6},"end":{"line":82,"column":null}},"39":{"start":{"line":71,"column":13},"end":{"line":71,"column":32}},"40":{"start":{"line":88,"column":32},"end":{"line":101,"column":1}},"41":{"start":{"line":89,"column":22},"end":{"line":89,"column":38}},"42":{"start":{"line":91,"column":2},"end":{"line":100,"column":null}},"43":{"start":{"line":92,"column":37},"end":{"line":95,"column":null}},"44":{"start":{"line":93,"column":6},"end":{"line":93,"column":null}},"45":{"start":{"line":94,"column":6},"end":{"line":94,"column":null}},"46":{"start":{"line":98,"column":6},"end":{"line":98,"column":null}},"47":{"start":{"line":88,"column":13},"end":{"line":88,"column":32}}},"fnMap":{"0":{"name":"(anonymous_8)","decl":{"start":{"line":14,"column":10},"end":{"line":14,"column":11}},"loc":{"start":{"line":14,"column":26},"end":{"line":14,"column":47}}},"1":{"name":"(anonymous_9)","decl":{"start":{"line":16,"column":10},"end":{"line":16,"column":11}},"loc":{"start":{"line":16,"column":26},"end":{"line":16,"column":47}}},"2":{"name":"(anonymous_10)","decl":{"start":{"line":17,"column":10},"end":{"line":17,"column":11}},"loc":{"start":{"line":17,"column":26},"end":{"line":17,"column":47}}},"3":{"name":"(anonymous_11)","decl":{"start":{"line":23,"column":9},"end":{"line":23,"column":12}},"loc":{"start":{"line":23,"column":15},"end":{"line":23,"column":52}}},"4":{"name":"(anonymous_12)","decl":{"start":{"line":24,"column":8},"end":{"line":24,"column":9}},"loc":{"start":{"line":24,"column":47},"end":{"line":24,"column":89}}},"5":{"name":"(anonymous_13)","decl":{"start":{"line":25,"column":11},"end":{"line":25,"column":14}},"loc":{"start":{"line":25,"column":17},"end":{"line":25,"column":56}}},"6":{"name":"(anonymous_14)","decl":{"start":{"line":26,"column":10},"end":{"line":26,"column":11}},"loc":{"start":{"line":26,"column":26},"end":{"line":26,"column":65}}},"7":{"name":"(anonymous_15)","decl":{"start":{"line":30,"column":27},"end":{"line":30,"column":28}},"loc":{"start":{"line":30,"column":65},"end":{"line":40,"column":1}}},"8":{"name":"(anonymous_16)","decl":{"start":{"line":33,"column":13},"end":{"line":33,"column":22}},"loc":{"start":{"line":33,"column":24},"end":{"line":38,"column":null}}},"9":{"name":"(anonymous_17)","decl":{"start":{"line":33,"column":24},"end":{"line":33,"column":null}},"loc":{"start":{"line":33,"column":24},"end":{"line":38,"column":5}}},"10":{"name":"(anonymous_18)","decl":{"start":{"line":43,"column":26},"end":{"line":43,"column":27}},"loc":{"start":{"line":43,"column":41},"end":{"line":52,"column":1}}},"11":{"name":"(anonymous_19)","decl":{"start":{"line":46,"column":13},"end":{"line":46,"column":22}},"loc":{"start":{"line":46,"column":24},"end":{"line":49,"column":null}}},"12":{"name":"(anonymous_20)","decl":{"start":{"line":46,"column":24},"end":{"line":46,"column":null}},"loc":{"start":{"line":46,"column":24},"end":{"line":49,"column":5}}},"13":{"name":"(anonymous_21)","decl":{"start":{"line":55,"column":32},"end":{"line":55,"column":35}},"loc":{"start":{"line":55,"column":37},"end":{"line":68,"column":1}}},"14":{"name":"(anonymous_22)","decl":{"start":{"line":59,"column":16},"end":{"line":59,"column":23}},"loc":{"start":{"line":59,"column":62},"end":{"line":62,"column":null}}},"15":{"name":"(anonymous_23)","decl":{"start":{"line":59,"column":62},"end":{"line":59,"column":null}},"loc":{"start":{"line":59,"column":62},"end":{"line":62,"column":5}}},"16":{"name":"(anonymous_24)","decl":{"start":{"line":63,"column":15},"end":{"line":63,"column":18}},"loc":{"start":{"line":63,"column":20},"end":{"line":66,"column":5}}},"17":{"name":"(anonymous_25)","decl":{"start":{"line":71,"column":32},"end":{"line":71,"column":35}},"loc":{"start":{"line":71,"column":37},"end":{"line":85,"column":1}}},"18":{"name":"(anonymous_26)","decl":{"start":{"line":75,"column":16},"end":{"line":75,"column":23}},"loc":{"start":{"line":75,"column":83},"end":{"line":78,"column":null}}},"19":{"name":"(anonymous_27)","decl":{"start":{"line":75,"column":83},"end":{"line":75,"column":null}},"loc":{"start":{"line":75,"column":79},"end":{"line":78,"column":5}}},"20":{"name":"(anonymous_28)","decl":{"start":{"line":79,"column":15},"end":{"line":79,"column":16}},"loc":{"start":{"line":79,"column":32},"end":{"line":83,"column":5}}},"21":{"name":"(anonymous_29)","decl":{"start":{"line":88,"column":32},"end":{"line":88,"column":35}},"loc":{"start":{"line":88,"column":37},"end":{"line":101,"column":1}}},"22":{"name":"(anonymous_30)","decl":{"start":{"line":92,"column":16},"end":{"line":92,"column":23}},"loc":{"start":{"line":92,"column":37},"end":{"line":95,"column":null}}},"23":{"name":"(anonymous_31)","decl":{"start":{"line":92,"column":37},"end":{"line":92,"column":null}},"loc":{"start":{"line":92,"column":37},"end":{"line":95,"column":5}}},"24":{"name":"(anonymous_32)","decl":{"start":{"line":96,"column":15},"end":{"line":96,"column":18}},"loc":{"start":{"line":96,"column":20},"end":{"line":99,"column":5}}}},"branchMap":{},"s":{"0":0,"1":0,"2":0,"3":0,"4":0,"5":0,"6":0,"7":0,"8":0,"9":0,"10":0,"11":0,"12":0,"13":0,"14":0,"15":0,"16":0,"17":0,"18":0,"19":0,"20":0,"21":0,"22":0,"23":0,"24":0,"25":0,"26":0,"27":0,"28":0,"29":0,"30":0,"31":0,"32":0,"33":0,"34":0,"35":0,"36":0,"37":0,"38":0,"39":0,"40":0,"41":0,"42":0,"43":0,"44":0,"45":0,"46":0,"47":0},"f":{"0":0,"1":0,"2":0,"3":0,"4":0,"5":0,"6":0,"7":0,"8":0,"9":0,"10":0,"11":0,"12":0,"13":0,"14":0,"15":0,"16":0,"17":0,"18":0,"19":0,"20":0,"21":0,"22":0,"23":0,"24":0},"b":{}}
,"C:\\Users\\Cheney\\Documents\\Github\\LearningSong\\frontend\\src\\hooks\\useLyrics.ts": {"path":"C:\\Users\\Cheney\\Documents\\Github\\LearningSong\\frontend\\src\\hooks\\useLyrics.ts","statementMap":{"0":{"start":{"line":1,"column":0},"end":{"line":1,"column":77}},"1":{"start":{"line":2,"column":0},"end":{"line":2,"column":59}},"2":{"start":{"line":4,"column":0},"end":{"line":4,"column":63}},"3":{"start":{"line":7,"column":33},"end":{"line":31,"column":1}},"4":{"start":{"line":8,"column":22},"end":{"line":8,"column":38}},"5":{"start":{"line":10,"column":2},"end":{"line":30,"column":null}},"6":{"start":{"line":13,"column":6},"end":{"line":16,"column":null}},"7":{"start":{"line":18,"column":6},"end":{"line":18,"column":null}},"8":{"start":{"line":21,"column":6},"end":{"line":21,"column":null}},"9":{"start":{"line":23,"column":6},"end":{"line":28,"column":null}},"10":{"start":{"line":26,"column":10},"end":{"line":26,"column":null}},"11":{"start":{"line":7,"column":13},"end":{"line":7,"column":33}},"12":{"start":{"line":34,"column":28},"end":{"line":41,"column":1}},"13":{"start":{"line":35,"column":2},"end":{"line":40,"column":null}},"14":{"start":{"line":34,"column":13},"end":{"line":34,"column":28}}},"fnMap":{"0":{"name":"(anonymous_0)","decl":{"start":{"line":7,"column":33},"end":{"line":7,"column":36}},"loc":{"start":{"line":7,"column":38},"end":{"line":31,"column":1}}},"1":{"name":"(anonymous_1)","decl":{"start":{"line":12,"column":15},"end":{"line":12,"column":16}},"loc":{"start":{"line":12,"column":24},"end":{"line":19,"column":5}}},"2":{"name":"(anonymous_2)","decl":{"start":{"line":20,"column":13},"end":{"line":20,"column":14}},"loc":{"start":{"line":20,"column":23},"end":{"line":29,"column":5}}},"3":{"name":"(anonymous_3)","decl":{"start":{"line":24,"column":17},"end":{"line":24,"column":20}},"loc":{"start":{"line":24,"column":22},"end":{"line":27,"column":9}}},"4":{"name":"(anonymous_4)","decl":{"start":{"line":34,"column":28},"end":{"line":34,"column":31}},"loc":{"start":{"line":34,"column":33},"end":{"line":41,"column":1}}}},"branchMap":{"0":{"loc":{"start":{"line":15,"column":8},"end":{"line":15,"column":80}},"type":"cond-expr","locations":[{"start":{"line":15,"column":22},"end":{"line":15,"column":44}},{"start":{"line":15,"column":47},"end":{"line":15,"column":80}}]}},"s":{"0":3,"1":3,"2":3,"3":3,"4":925,"5":925,"6":4,"7":4,"8":2,"9":2,"10":0,"11":3,"12":3,"13":943,"14":3},"f":{"0":925,"1":4,"2":2,"3":0,"4":943},"b":{"0":[0,4]}}
,"C:\\Users\\Cheney\\Documents\\Github\\LearningSong\\frontend\\src\\lib\\toast-utils.ts": {"path":"C:\\Users\\Cheney\\Documents\\Github\\LearningSong\\frontend\\src\\lib\\toast-utils.ts","statementMap":{"0":{"start":{"line":1,"column":0},"end":{"line":1,"column":31}},"1":{"start":{"line":2,"column":0},"end":{"line":2,"column":35}},"2":{"start":{"line":12,"column":32},"end":{"line":32,"column":1}},"3":{"start":{"line":13,"column":18},"end":{"line":15,"column":30}},"4":{"start":{"line":17,"column":2},"end":{"line":31,"column":3}},"5":{"start":{"line":18,"column":4},"end":{"line":25,"column":7}},"6":{"start":{"line":27,"column":4},"end":{"line":30,"column":7}},"7":{"start":{"line":12,"column":13},"end":{"line":12,"column":32}},"8":{"start":{"line":37,"column":34},"end":{"line":59,"column":1}},"9":{"start":{"line":38,"column":20},"end":{"line":38,"column":67}},"10":{"start":{"line":40,"column":2},"end":{"line":53,"column":3}},"11":{"start":{"line":41,"column":16},"end":{"line":41,"column":26}},"12":{"start":{"line":42,"column":17},"end":{"line":42,"column":52}},"13":{"start":{"line":43,"column":18},"end":{"line":43,"column":53}},"14":{"start":{"line":44,"column":20},"end":{"line":44,"column":71}},"15":{"start":{"line":46,"column":4},"end":{"line":52,"column":5}},"16":{"start":{"line":47,"column":6},"end":{"line":47,"column":57}},"17":{"start":{"line":48,"column":11},"end":{"line":52,"column":5}},"18":{"start":{"line":49,"column":6},"end":{"line":49,"column":47}},"19":{"start":{"line":51,"column":6},"end":{"line":51,"column":37}},"20":{"start":{"line":55,"column":2},"end":{"line":58,"column":5}},"21":{"start":{"line":37,"column":13},"end":{"line":37,"column":34}},"22":{"start":{"line":64,"column":35},"end":{"line":69,"column":1}},"23":{"start":{"line":65,"column":2},"end":{"line":68,"column":5}},"24":{"start":{"line":64,"column":13},"end":{"line":64,"column":35}},"25":{"start":{"line":74,"column":25},"end":{"line":79,"column":1}},"26":{"start":{"line":75,"column":2},"end":{"line":78,"column":5}},"27":{"start":{"line":74,"column":13},"end":{"line":74,"column":25}},"28":{"start":{"line":84,"column":27},"end":{"line":89,"column":1}},"29":{"start":{"line":85,"column":2},"end":{"line":88,"column":5}},"30":{"start":{"line":84,"column":13},"end":{"line":84,"column":27}},"31":{"start":{"line":94,"column":24},"end":{"line":99,"column":1}},"32":{"start":{"line":95,"column":2},"end":{"line":98,"column":5}},"33":{"start":{"line":94,"column":13},"end":{"line":94,"column":24}},"34":{"start":{"line":104,"column":30},"end":{"line":146,"column":1}},"35":{"start":{"line":105,"column":2},"end":{"line":145,"column":3}},"36":{"start":{"line":106,"column":19},"end":{"line":106,"column":41}},"37":{"start":{"line":107,"column":19},"end":{"line":107,"column":47}},"38":{"start":{"line":109,"column":4},"end":{"line":140,"column":5}},"39":{"start":{"line":112,"column":27},"end":{"line":112,"column":60}},"40":{"start":{"line":113,"column":26},"end":{"line":115,"column":21}},"41":{"start":{"line":116,"column":8},"end":{"line":116,"column":38}},"42":{"start":{"line":117,"column":8},"end":{"line":117,"column":14}},"43":{"start":{"line":122,"column":8},"end":{"line":122,"column":83}},"44":{"start":{"line":123,"column":8},"end":{"line":123,"column":14}},"45":{"start":{"line":127,"column":8},"end":{"line":127,"column":84}},"46":{"start":{"line":128,"column":8},"end":{"line":128,"column":14}},"47":{"start":{"line":134,"column":8},"end":{"line":134,"column":46}},"48":{"start":{"line":135,"column":8},"end":{"line":135,"column":14}},"49":{"start":{"line":139,"column":8},"end":{"line":139,"column":46}},"50":{"start":{"line":141,"column":9},"end":{"line":145,"column":3}},"51":{"start":{"line":142,"column":4},"end":{"line":142,"column":38}},"52":{"start":{"line":144,"column":4},"end":{"line":144,"column":56}},"53":{"start":{"line":104,"column":13},"end":{"line":104,"column":30}}},"fnMap":{"0":{"name":"(anonymous_0)","decl":{"start":{"line":12,"column":32},"end":{"line":12,"column":33}},"loc":{"start":{"line":12,"column":80},"end":{"line":32,"column":1}}},"1":{"name":"(anonymous_1)","decl":{"start":{"line":37,"column":34},"end":{"line":37,"column":35}},"loc":{"start":{"line":37,"column":55},"end":{"line":59,"column":1}}},"2":{"name":"(anonymous_2)","decl":{"start":{"line":64,"column":35},"end":{"line":64,"column":36}},"loc":{"start":{"line":64,"column":55},"end":{"line":69,"column":1}}},"3":{"name":"(anonymous_3)","decl":{"start":{"line":74,"column":25},"end":{"line":74,"column":26}},"loc":{"start":{"line":74,"column":60},"end":{"line":79,"column":1}}},"4":{"name":"(anonymous_4)","decl":{"start":{"line":84,"column":27},"end":{"line":84,"column":28}},"loc":{"start":{"line":84,"column":63},"end":{"line":89,"column":1}}},"5":{"name":"(anonymous_5)","decl":{"start":{"line":94,"column":24},"end":{"line":94,"column":25}},"loc":{"start":{"line":94,"column":60},"end":{"line":99,"column":1}}},"6":{"name":"(anonymous_6)","decl":{"start":{"line":104,"column":30},"end":{"line":104,"column":31}},"loc":{"start":{"line":104,"column":78},"end":{"line":146,"column":1}}}},"branchMap":{"0":{"loc":{"start":{"line":13,"column":18},"end":{"line":15,"column":30}},"type":"cond-expr","locations":[{"start":{"line":14,"column":6},"end":{"line":14,"column":79}},{"start":{"line":15,"column":6},"end":{"line":15,"column":30}}]},"1":{"loc":{"start":{"line":14,"column":6},"end":{"line":14,"column":79}},"type":"binary-expr","locations":[{"start":{"line":14,"column":6},"end":{"line":14,"column":34}},{"start":{"line":14,"column":38},"end":{"line":14,"column":51}},{"start":{"line":14,"column":55},"end":{"line":14,"column":79}}]},"2":{"loc":{"start":{"line":14,"column":6},"end":{"line":14,"column":34}},"type":"cond-expr","locations":[{"start":{"line":14,"column":26},"end":{"line":14,"column":28}},{"start":{"line":14,"column":26},"end":{"line":14,"column":34}}]},"3":{"loc":{"start":{"line":14,"column":6},"end":{"line":14,"column":28}},"type":"binary-expr","locations":[{"start":{"line":14,"column":6},"end":{"line":14,"column":28}},{"start":{"line":14,"column":26},"end":{"line":14,"column":28}}]},"4":{"loc":{"start":{"line":14,"column":6},"end":{"line":14,"column":26}},"type":"cond-expr","locations":[{"start":{"line":14,"column":20},"end":{"line":14,"column":22}},{"start":{"line":14,"column":20},"end":{"line":14,"column":26}}]},"5":{"loc":{"start":{"line":14,"column":6},"end":{"line":14,"column":22}},"type":"binary-expr","locations":[{"start":{"line":14,"column":6},"end":{"line":14,"column":22}},{"start":{"line":14,"column":20},"end":{"line":14,"column":22}}]},"6":{"loc":{"start":{"line":17,"column":2},"end":{"line":31,"column":3}},"type":"if","locations":[{"start":{"line":17,"column":2},"end":{"line":31,"column":3}},{"start":{"line":26,"column":9},"end":{"line":31,"column":3}}]},"7":{"loc":{"start":{"line":40,"column":2},"end":{"line":53,"column":3}},"type":"if","locations":[{"start":{"line":40,"column":2},"end":{"line":53,"column":3}},{"start":{},"end":{}}]},"8":{"loc":{"start":{"line":46,"column":4},"end":{"line":52,"column":5}},"type":"if","locations":[{"start":{"line":46,"column":4},"end":{"line":52,"column":5}},{"start":{"line":48,"column":11},"end":{"line":52,"column":5}}]},"9":{"loc":{"start":{"line":48,"column":11},"end":{"line":52,"column":5}},"type":"if","locations":[{"start":{"line":48,"column":11},"end":{"line":52,"column":5}},{"start":{"line":50,"column":11},"end":{"line":52,"column":5}}]},"10":{"loc":{"start":{"line":105,"column":2},"end":{"line":145,"column":3}},"type":"if","locations":[{"start":{"line":105,"column":2},"end":{"line":145,"column":3}},{"start":{"line":141,"column":9},"end":{"line":145,"column":3}}]},"11":{"loc":{"start":{"line":106,"column":19},"end":{"line":106,"column":41}},"type":"cond-expr","locations":[{"start":{"line":106,"column":33},"end":{"line":106,"column":35}},{"start":{"line":106,"column":33},"end":{"line":106,"column":41}}]},"12":{"loc":{"start":{"line":106,"column":19},"end":{"line":106,"column":35}},"type":"binary-expr","locations":[{"start":{"line":106,"column":19},"end":{"line":106,"column":35}},{"start":{"line":106,"column":33},"end":{"line":106,"column":35}}]},"13":{"loc":{"start":{"line":107,"column":19},"end":{"line":107,"column":47}},"type":"cond-expr","locations":[{"start":{"line":107,"column":39},"end":{"line":107,"column":41}},{"start":{"line":107,"column":39},"end":{"line":107,"column":47}}]},"14":{"loc":{"start":{"line":107,"column":19},"end":{"line":107,"column":41}},"type":"binary-expr","locations":[{"start":{"line":107,"column":19},"end":{"line":107,"column":41}},{"start":{"line":107,"column":39},"end":{"line":107,"column":41}}]},"15":{"loc":{"start":{"line":107,"column":19},"end":{"line":107,"column":39}},"type":"cond-expr","locations":[{"start":{"line":107,"column":33},"end":{"line":107,"column":35}},{"start":{"line":107,"column":33},"end":{"line":107,"column":39}}]},"16":{"loc":{"start":{"line":107,"column":19},"end":{"line":107,"column":35}},"type":"binary-expr","locations":[{"start":{"line":107,"column":19},"end":{"line":107,"column":35}},{"start":{"line":107,"column":33},"end":{"line":107,"column":35}}]},"17":{"loc":{"start":{"line":109,"column":4},"end":{"line":140,"column":5}},"type":"switch","locations":[{"start":{"line":110,"column":6},"end":{"line":118,"column":7}},{"start":{"line":120,"column":6},"end":{"line":123,"column":14}},{"start":{"line":125,"column":6},"end":{"line":128,"column":14}},{"start":{"line":130,"column":6},"end":{"line":130,"column":15}},{"start":{"line":131,"column":6},"end":{"line":131,"column":15}},{"start":{"line":132,"column":6},"end":{"line":135,"column":14}},{"start":{"line":137,"column":6},"end":{"line":139,"column":46}}]},"18":{"loc":{"start":{"line":112,"column":27},"end":{"line":112,"column":60}},"type":"cond-expr","locations":[{"start":{"line":112,"column":47},"end":{"line":112,"column":49}},{"start":{"line":112,"column":47},"end":{"line":112,"column":60}}]},"19":{"loc":{"start":{"line":112,"column":27},"end":{"line":112,"column":49}},"type":"binary-expr","locations":[{"start":{"line":112,"column":27},"end":{"line":112,"column":49}},{"start":{"line":112,"column":47},"end":{"line":112,"column":49}}]},"20":{"loc":{"start":{"line":112,"column":27},"end":{"line":112,"column":47}},"type":"cond-expr","locations":[{"start":{"line":112,"column":41},"end":{"line":112,"column":43}},{"start":{"line":112,"column":41},"end":{"line":112,"column":47}}]},"21":{"loc":{"start":{"line":112,"column":27},"end":{"line":112,"column":43}},"type":"binary-expr","locations":[{"start":{"line":112,"column":27},"end":{"line":112,"column":43}},{"start":{"line":112,"column":41},"end":{"line":112,"column":43}}]},"22":{"loc":{"start":{"line":113,"column":26},"end":{"line":115,"column":21}},"type":"cond-expr","locations":[{"start":{"line":114,"column":12},"end":{"line":114,"column":52}},{"start":{"line":115,"column":12},"end":{"line":115,"column":21}}]},"23":{"loc":{"start":{"line":122,"column":28},"end":{"line":122,"column":81}},"type":"binary-expr","locations":[{"start":{"line":122,"column":28},"end":{"line":122,"column":34}},{"start":{"line":122,"column":38},"end":{"line":122,"column":81}}]},"24":{"loc":{"start":{"line":141,"column":9},"end":{"line":145,"column":3}},"type":"if","locations":[{"start":{"line":141,"column":9},"end":{"line":145,"column":3}},{"start":{"line":143,"column":9},"end":{"line":145,"column":3}}]}},"s":{"0":2,"1":2,"2":2,"3":0,"4":0,"5":0,"6":0,"7":2,"8":2,"9":0,"10":0,"11":0,"12":0,"13":0,"14":0,"15":0,"16":0,"17":0,"18":0,"19":0,"20":0,"21":2,"22":2,"23":0,"24":2,"25":2,"26":2,"27":2,"28":2,"29":4,"30":2,"31":2,"32":0,"33":2,"34":2,"35":2,"36":0,"37":0,"38":0,"39":0,"40":0,"41":0,"42":0,"43":0,"44":0,"45":0,"46":0,"47":0,"48":0,"49":0,"50":2,"51":2,"52":0,"53":2},"f":{"0":0,"1":0,"2":0,"3":2,"4":4,"5":0,"6":2},"b":{"0":[0,0],"1":[0,0,0],"2":[0,0],"3":[0,0],"4":[0,0],"5":[0,0],"6":[0,0],"7":[0,0],"8":[0,0],"9":[0,0],"10":[0,2],"11":[0,0],"12":[0,0],"13":[0,0],"14":[0,0],"15":[0,0],"16":[0,0],"17":[0,0,0,0,0,0,0],"18":[0,0],"19":[0,0],"20":[0,0],"21":[0,0],"22":[0,0],"23":[0,0],"24":[2,0]}}
,"C:\\Users\\Cheney\\Documents\\Github\\LearningSong\\frontend\\src\\lib\\utils.ts": {"path":"C:\\Users\\Cheney\\Documents\\Github\\LearningSong\\frontend\\src\\lib\\utils.ts","statementMap":{"0":{"start":{"line":4,"column":0},"end":{"line":4,"column":16}},"1":{"start":{"line":1,"column":0},"end":{"line":1,"column":44}},"2":{"start":{"line":2,"column":0},"end":{"line":2,"column":40}},"3":{"start":{"line":5,"column":2},"end":{"line":5,"column":null}}},"fnMap":{"0":{"name":"cn","decl":{"start":{"line":4,"column":16},"end":{"line":4,"column":18}},"loc":{"start":{"line":4,"column":42},"end":{"line":6,"column":1}}}},"branchMap":{},"s":{"0":6,"1":6,"2":6,"3":3264},"f":{"0":3264},"b":{}}
,"C:\\Users\\Cheney\\Documents\\Github\\LearningSong\\frontend\\src\\pages\\TextInputPage.tsx": {"path":"C:\\Users\\Cheney\\Documents\\Github\\LearningSong\\frontend\\src\\pages\\TextInputPage.tsx","statementMap":{"0":{"start":{"line":12,"column":0},"end":{"line":12,"column":16}},"1":{"start":{"line":1,"column":0},"end":{"line":1,"column":33}},"2":{"start":{"line":2,"column":0},"end":{"line":2,"column":46}},"3":{"start":{"line":3,"column":0},"end":{"line":3,"column":41}},"4":{"start":{"line":4,"column":0},"end":{"line":4,"column":53}},"5":{"start":{"line":5,"column":0},"end":{"line":5,"column":58}},"6":{"start":{"line":6,"column":0},"end":{"line":6,"column":56}},"7":{"start":{"line":7,"column":0},"end":{"line":7,"column":68}},"8":{"start":{"line":8,"column":0},"end":{"line":8,"column":60}},"9":{"start":{"line":9,"column":0},"end":{"line":9,"column":62}},"10":{"start":{"line":10,"column":0},"end":{"line":10,"column":59}},"11":{"start":{"line":13,"column":19},"end":{"line":13,"column":32}},"12":{"start":{"line":14,"column":61},"end":{"line":14,"column":70}},"13":{"start":{"line":15,"column":42},"end":{"line":15,"column":61}},"14":{"start":{"line":16,"column":27},"end":{"line":16,"column":46}},"15":{"start":{"line":19,"column":2},"end":{"line":24,"column":null}},"16":{"start":{"line":20,"column":4},"end":{"line":23,"column":5}},"17":{"start":{"line":27,"column":2},"end":{"line":36,"column":3}},"18":{"start":{"line":28,"column":4},"end":{"line":35,"column":null}},"19":{"start":{"line":39,"column":2},"end":{"line":57,"column":3}},"20":{"start":{"line":40,"column":4},"end":{"line":56,"column":null}},"21":{"start":{"line":49,"column":27},"end":{"line":49,"column":51}},"22":{"start":{"line":59,"column":2},"end":{"line":142,"column":null}}},"fnMap":{"0":{"name":"TextInputPage","decl":{"start":{"line":12,"column":16},"end":{"line":12,"column":29}},"loc":{"start":{"line":12,"column":29},"end":{"line":143,"column":1}}},"1":{"name":"(anonymous_1)","decl":{"start":{"line":19,"column":12},"end":{"line":19,"column":15}},"loc":{"start":{"line":19,"column":17},"end":{"line":24,"column":3}}},"2":{"name":"(anonymous_2)","decl":{"start":{"line":49,"column":21},"end":{"line":49,"column":24}},"loc":{"start":{"line":49,"column":27},"end":{"line":49,"column":51}}}},"branchMap":{"0":{"loc":{"start":{"line":20,"column":4},"end":{"line":23,"column":5}},"type":"if","locations":[{"start":{"line":20,"column":4},"end":{"line":23,"column":5}},{"start":{},"end":{}}]},"1":{"loc":{"start":{"line":20,"column":8},"end":{"line":20,"column":31}},"type":"binary-expr","locations":[{"start":{"line":20,"column":8},"end":{"line":20,"column":17}},{"start":{"line":20,"column":21},"end":{"line":20,"column":31}}]},"2":{"loc":{"start":{"line":27,"column":2},"end":{"line":36,"column":3}},"type":"if","locations":[{"start":{"line":27,"column":2},"end":{"line":36,"column":3}},{"start":{},"end":{}}]},"3":{"loc":{"start":{"line":39,"column":2},"end":{"line":57,"column":3}},"type":"if","locations":[{"start":{"line":39,"column":2},"end":{"line":57,"column":3}},{"start":{},"end":{}}]},"4":{"loc":{"start":{"line":39,"column":6},"end":{"line":39,"column":26}},"type":"binary-expr","locations":[{"start":{"line":39,"column":6},"end":{"line":39,"column":15}},{"start":{"line":39,"column":19},"end":{"line":39,"column":26}}]},"5":{"loc":{"start":{"line":46,"column":13},"end":{"line":46,"column":85}},"type":"binary-expr","locations":[{"start":{"line":46,"column":13},"end":{"line":46,"column":31}},{"start":{"line":46,"column":35},"end":{"line":46,"column":85}}]},"6":{"loc":{"start":{"line":46,"column":13},"end":{"line":46,"column":31}},"type":"cond-expr","locations":[{"start":{"line":46,"column":22},"end":{"line":46,"column":24}},{"start":{"line":46,"column":13},"end":{"line":46,"column":31}}]},"7":{"loc":{"start":{"line":46,"column":13},"end":{"line":46,"column":24}},"type":"binary-expr","locations":[{"start":{"line":46,"column":13},"end":{"line":46,"column":24}},{"start":{"line":46,"column":13},"end":{"line":46,"column":24}}]},"8":{"loc":{"start":{"line":109,"column":11},"end":{"line":109,"column":46}},"type":"binary-expr","locations":[{"start":{"line":109,"column":11},"end":{"line":109,"column":23}},{"start":{"line":109,"column":27},"end":{"line":109,"column":46}}]}},"s":{"0":1,"1":1,"2":1,"3":1,"4":1,"5":1,"6":1,"7":1,"8":1,"9":1,"10":1,"11":457,"12":457,"13":457,"14":457,"15":457,"16":15,"17":457,"18":1,"19":456,"20":1,"21":0,"22":455},"f":{"0":457,"1":15,"2":0},"b":{"0":[0,15],"1":[15,0],"2":[1,456],"3":[1,455],"4":[456,455],"5":[1,0],"6":[0,1],"7":[1,1],"8":[455,0]}}
,"C:\\Users\\Cheney\\Documents\\Github\\LearningSong\\frontend\\src\\stores\\example.ts": {"path":"C:\\Users\\Cheney\\Documents\\Github\\LearningSong\\frontend\\src\\stores\\example.ts","statementMap":{"0":{"start":{"line":1,"column":0},"end":{"line":1,"column":32}},"1":{"start":{"line":14,"column":21},"end":{"line":18,"column":null}},"2":{"start":{"line":20,"column":13},"end":{"line":32,"column":null}},"3":{"start":{"line":20,"column":61},"end":{"line":31,"column":null}},"4":{"start":{"line":23,"column":19},"end":{"line":23,"column":63}},"5":{"start":{"line":23,"column":35},"end":{"line":23,"column":61}},"6":{"start":{"line":25,"column":19},"end":{"line":25,"column":63}},"7":{"start":{"line":25,"column":35},"end":{"line":25,"column":61}},"8":{"start":{"line":27,"column":35},"end":{"line":27,"column":51}},"9":{"start":{"line":29,"column":36},"end":{"line":29,"column":63}},"10":{"start":{"line":31,"column":15},"end":{"line":31,"column":32}}},"fnMap":{"0":{"name":"(anonymous_0)","decl":{"start":{"line":20,"column":52},"end":{"line":20,"column":53}},"loc":{"start":{"line":20,"column":61},"end":{"line":31,"column":null}}},"1":{"name":"(anonymous_1)","decl":{"start":{"line":23,"column":13},"end":{"line":23,"column":16}},"loc":{"start":{"line":23,"column":19},"end":{"line":23,"column":63}}},"2":{"name":"(anonymous_2)","decl":{"start":{"line":23,"column":23},"end":{"line":23,"column":24}},"loc":{"start":{"line":23,"column":35},"end":{"line":23,"column":61}}},"3":{"name":"(anonymous_3)","decl":{"start":{"line":25,"column":13},"end":{"line":25,"column":16}},"loc":{"start":{"line":25,"column":19},"end":{"line":25,"column":63}}},"4":{"name":"(anonymous_4)","decl":{"start":{"line":25,"column":23},"end":{"line":25,"column":24}},"loc":{"start":{"line":25,"column":35},"end":{"line":25,"column":61}}},"5":{"name":"(anonymous_5)","decl":{"start":{"line":27,"column":14},"end":{"line":27,"column":15}},"loc":{"start":{"line":27,"column":35},"end":{"line":27,"column":51}}},"6":{"name":"(anonymous_6)","decl":{"start":{"line":29,"column":14},"end":{"line":29,"column":15}},"loc":{"start":{"line":29,"column":36},"end":{"line":29,"column":63}}},"7":{"name":"(anonymous_7)","decl":{"start":{"line":31,"column":9},"end":{"line":31,"column":12}},"loc":{"start":{"line":31,"column":15},"end":{"line":31,"column":32}}}},"branchMap":{},"s":{"0":0,"1":0,"2":0,"3":0,"4":0,"5":0,"6":0,"7":0,"8":0,"9":0,"10":0},"f":{"0":0,"1":0,"2":0,"3":0,"4":0,"5":0,"6":0,"7":0},"b":{}}
,"C:\\Users\\Cheney\\Documents\\Github\\LearningSong\\frontend\\src\\stores\\textInputStore.ts": {"path":"C:\\Users\\Cheney\\Documents\\Github\\LearningSong\\frontend\\src\\stores\\textInputStore.ts","statementMap":{"0":{"start":{"line":1,"column":0},"end":{"line":1,"column":32}},"1":{"start":{"line":2,"column":0},"end":{"line":2,"column":44}},"2":{"start":{"line":24,"column":21},"end":{"line":29,"column":null}},"3":{"start":{"line":31,"column":13},"end":{"line":52,"column":null}},"4":{"start":{"line":33,"column":13},"end":{"line":44,"column":null}},"5":{"start":{"line":36,"column":39},"end":{"line":36,"column":55}},"6":{"start":{"line":38,"column":26},"end":{"line":38,"column":83}},"7":{"start":{"line":38,"column":42},"end":{"line":38,"column":81}},"8":{"start":{"line":40,"column":48},"end":{"line":40,"column":69}},"9":{"start":{"line":42,"column":56},"end":{"line":42,"column":84}},"10":{"start":{"line":44,"column":19},"end":{"line":44,"column":36}},"11":{"start":{"line":49,"column":30},"end":{"line":49,"column":56}}},"fnMap":{"0":{"name":"(anonymous_0)","decl":{"start":{"line":33,"column":4},"end":{"line":33,"column":5}},"loc":{"start":{"line":33,"column":13},"end":{"line":44,"column":null}}},"1":{"name":"(anonymous_1)","decl":{"start":{"line":36,"column":18},"end":{"line":36,"column":19}},"loc":{"start":{"line":36,"column":39},"end":{"line":36,"column":55}}},"2":{"name":"(anonymous_2)","decl":{"start":{"line":38,"column":20},"end":{"line":38,"column":23}},"loc":{"start":{"line":38,"column":26},"end":{"line":38,"column":83}}},"3":{"name":"(anonymous_3)","decl":{"start":{"line":38,"column":30},"end":{"line":38,"column":31}},"loc":{"start":{"line":38,"column":42},"end":{"line":38,"column":81}}},"4":{"name":"(anonymous_4)","decl":{"start":{"line":40,"column":21},"end":{"line":40,"column":22}},"loc":{"start":{"line":40,"column":48},"end":{"line":40,"column":69}}},"5":{"name":"(anonymous_5)","decl":{"start":{"line":42,"column":23},"end":{"line":42,"column":24}},"loc":{"start":{"line":42,"column":56},"end":{"line":42,"column":84}}},"6":{"name":"(anonymous_6)","decl":{"start":{"line":44,"column":13},"end":{"line":44,"column":16}},"loc":{"start":{"line":44,"column":19},"end":{"line":44,"column":36}}},"7":{"name":"(anonymous_7)","decl":{"start":{"line":49,"column":18},"end":{"line":49,"column":19}},"loc":{"start":{"line":49,"column":30},"end":{"line":49,"column":56}}}},"branchMap":{},"s":{"0":5,"1":5,"2":5,"3":5,"4":5,"5":432,"6":5,"7":5,"8":17,"9":10,"10":1,"11":465},"f":{"0":5,"1":432,"2":5,"3":5,"4":17,"5":10,"6":1,"7":465},"b":{}}
}
