TN:
SF:src\App.tsx
FN:7,App
FNF:1
FNH:0
FNDA:0,App
DA:1,0
DA:2,0
DA:3,0
DA:4,0
DA:5,0
DA:8,0
DA:53,0
LF:7
LH:0
BRF:0
BRH:0
end_of_record
TN:
SF:src\api\client.ts
FN:11,(anonymous_8)
FN:22,(anonymous_9)
FN:30,(anonymous_10)
FN:37,(anonymous_11)
FN:38,(anonymous_12)
FN:49,(anonymous_13)
FN:54,(anonymous_15)
FN:59,(anonymous_17)
FN:64,(anonymous_19)
FN:69,(anonymous_21)
FNF:10
FNH:5
FNDA:4,(anonymous_8)
FNDA:12,(anonymous_9)
FNDA:0,(anonymous_10)
FNDA:0,(anonymous_11)
FNDA:12,(anonymous_12)
FNDA:5,(anonymous_13)
FNDA:7,(anonymous_15)
FNDA:0,(anonymous_17)
FNDA:0,(anonymous_19)
FNDA:0,(anonymous_21)
DA:1,4
DA:6,4
DA:12,4
DA:21,4
DA:24,12
DA:25,12
DA:26,0
DA:28,12
DA:31,0
DA:36,4
DA:37,0
DA:40,12
DA:42,0
DA:44,12
DA:50,5
DA:51,0
DA:55,7
DA:56,0
DA:60,0
DA:61,0
DA:65,0
DA:66,0
DA:70,0
DA:71,0
DA:75,4
DA:76,4
LF:26
LH:14
BRDA:25,0,0,0
BRDA:25,0,1,12
BRDA:40,1,0,0
BRDA:40,1,1,12
BRDA:40,2,0,12
BRDA:40,2,1,0
BRDA:40,3,0,12
BRDA:40,3,1,12
BRF:8
BRH:5
end_of_record
TN:
SF:src\api\lyrics.ts
FN:22,(anonymous_7)
FN:24,(anonymous_8)
FN:28,(anonymous_9)
FN:28,(anonymous_10)
FNF:4
FNH:4
FNDA:7,(anonymous_7)
FNDA:7,(anonymous_8)
FNDA:5,(anonymous_9)
FNDA:5,(anonymous_10)
DA:1,4
DA:22,4
DA:24,7
DA:25,7
DA:28,5
DA:29,5
LF:6
LH:6
BRF:0
BRH:0
end_of_record
TN:
SF:src\components\ErrorBoundary.tsx
FN:17,(anonymous_0)
FN:42,(anonymous_1)
FN:50,(anonymous_2)
FN:26,(anonymous_3)
FN:34,(anonymous_4)
FN:54,(anonymous_5)
FNF:6
FNH:0
FNDA:0,(anonymous_0)
FNDA:0,(anonymous_1)
FNDA:0,(anonymous_2)
FNDA:0,(anonymous_3)
FNDA:0,(anonymous_4)
FNDA:0,(anonymous_5)
DA:1,0
DA:3,0
DA:4,0
DA:18,0
DA:19,0
DA:27,0
DA:35,0
DA:36,0
DA:42,0
DA:43,0
DA:50,0
DA:51,0
DA:55,0
DA:56,0
DA:88,0
DA:92,0
LF:16
LH:0
BRDA:55,0,0,0
BRDA:55,0,1,0
BRDA:66,1,0,0
BRDA:66,1,1,0
BRF:4
BRH:0
end_of_record
TN:
SF:src\components\GenerateButton.tsx
FN:8,GenerateButton
FN:24,(anonymous_1)
FN:50,(anonymous_2)
FN:51,(anonymous_3)
FN:58,(anonymous_4)
FN:62,(anonymous_5)
FNF:6
FNH:6
FNDA:483,GenerateButton
FNDA:10,(anonymous_1)
FNDA:465,(anonymous_2)
FNDA:450,(anonymous_3)
FNDA:465,(anonymous_4)
FNDA:28,(anonymous_5)
DA:1,2
DA:2,2
DA:3,2
DA:4,2
DA:5,2
DA:6,2
DA:8,2
DA:9,483
DA:10,483
DA:11,483
DA:14,483
DA:18,483
DA:24,483
DA:26,10
DA:27,0
DA:28,0
DA:31,10
DA:32,0
DA:33,0
DA:36,10
DA:37,0
DA:38,0
DA:41,10
DA:43,10
DA:50,483
DA:51,465
DA:52,450
DA:53,3
DA:57,465
DA:58,465
DA:62,483
DA:63,28
DA:66,483
LF:33
LH:27
BRDA:14,0,0,475
BRDA:14,0,1,8
BRDA:18,1,0,483
BRDA:18,1,1,475
BRDA:18,1,2,474
BRDA:18,1,3,423
BRDA:18,1,4,422
BRDA:20,2,0,452
BRDA:20,2,1,22
BRDA:20,3,0,474
BRDA:20,3,1,474
BRDA:20,4,0,22
BRDA:20,4,1,452
BRDA:20,5,0,474
BRDA:20,5,1,474
BRDA:26,6,0,0
BRDA:26,6,1,10
BRDA:31,7,0,0
BRDA:31,7,1,10
BRDA:36,8,0,0
BRDA:36,8,1,10
BRDA:36,9,0,10
BRDA:36,9,1,0
BRDA:36,10,0,10
BRDA:36,10,1,10
BRDA:36,11,0,0
BRDA:36,11,1,10
BRDA:36,12,0,10
BRDA:36,12,1,10
BRDA:37,13,0,0
BRDA:37,13,1,0
BRDA:37,14,0,0
BRDA:37,14,1,0
BRDA:37,15,0,0
BRDA:37,15,1,0
BRDA:41,16,0,0
BRDA:41,16,1,10
BRDA:52,17,0,3
BRDA:52,17,1,447
BRDA:52,18,0,450
BRDA:52,18,1,446
BRDA:52,18,2,5
BRDA:52,18,3,4
BRDA:72,19,0,3
BRDA:72,19,1,480
BRDA:76,20,0,3
BRDA:76,20,1,480
BRF:47
BRH:35
end_of_record
TN:
SF:src\components\LoadingProgress.tsx
FN:15,LoadingProgress
FN:20,(anonymous_1)
FN:42,(anonymous_2)
FN:51,(anonymous_3)
FN:80,(anonymous_4)
FNF:5
FNH:0
FNDA:0,LoadingProgress
FNDA:0,(anonymous_1)
FNDA:0,(anonymous_2)
FNDA:0,(anonymous_3)
FNDA:0,(anonymous_4)
DA:1,1
DA:2,1
DA:3,1
DA:4,1
DA:5,1
DA:7,1
DA:15,1
DA:16,0
DA:17,0
DA:18,0
DA:20,0
DA:21,0
DA:22,0
DA:23,0
DA:27,0
DA:28,0
DA:29,0
DA:30,0
DA:33,0
DA:34,0
DA:35,0
DA:39,0
DA:42,0
DA:43,0
DA:44,0
DA:46,0
DA:47,0
DA:51,0
DA:54,0
DA:55,0
DA:58,0
DA:60,0
LF:32
LH:7
BRDA:21,0,0,0
BRDA:21,0,1,0
BRDA:21,1,0,0
BRDA:21,1,1,0
BRDA:29,2,0,0
BRDA:29,2,1,0
BRDA:46,3,0,0
BRDA:46,3,1,0
BRDA:54,4,0,0
BRDA:54,4,1,0
BRDA:54,5,0,0
BRDA:54,5,1,0
BRDA:102,6,0,0
BRDA:102,6,1,0
BRDA:104,7,0,0
BRDA:104,7,1,0
BRDA:108,8,0,0
BRDA:108,8,1,0
BRDA:110,9,0,0
BRDA:110,9,1,0
BRDA:112,10,0,0
BRDA:112,10,1,0
BRDA:118,11,0,0
BRDA:118,11,1,0
BRDA:120,12,0,0
BRDA:120,12,1,0
BRDA:125,13,0,0
BRDA:125,13,1,0
BRDA:127,14,0,0
BRDA:127,14,1,0
BRDA:132,15,0,0
BRDA:132,15,1,0
BRDA:134,16,0,0
BRDA:134,16,1,0
BRF:34
BRH:0
end_of_record
TN:
SF:src\components\RateLimitIndicator.tsx
FN:5,RateLimitIndicator
FN:10,(anonymous_1)
FN:13,(anonymous_2)
FN:33,(anonymous_3)
FN:37,(anonymous_4)
FNF:5
FNH:5
FNDA:492,RateLimitIndicator
FNDA:31,(anonymous_1)
FNDA:23,(anonymous_2)
FNDA:16,(anonymous_3)
FNDA:464,(anonymous_4)
DA:1,2
DA:2,2
DA:3,2
DA:5,2
DA:6,492
DA:7,492
DA:10,492
DA:11,31
DA:13,16
DA:14,23
DA:15,23
DA:16,23
DA:18,23
DA:19,0
DA:20,0
DA:23,23
DA:24,23
DA:25,23
DA:27,23
DA:30,16
DA:31,16
DA:33,16
DA:37,492
DA:38,464
DA:39,45
DA:40,37
DA:43,492
DA:44,27
DA:56,465
DA:57,1
DA:68,464
DA:70,464
DA:72,464
LF:33
LH:31
BRDA:11,0,0,15
BRDA:11,0,1,16
BRDA:11,1,0,15
BRDA:11,1,1,16
BRDA:11,2,0,31
BRDA:11,2,1,31
BRDA:18,3,0,0
BRDA:18,3,1,23
BRDA:34,4,0,28
BRDA:34,4,1,464
BRDA:34,5,0,492
BRDA:34,5,1,492
BRDA:38,6,0,419
BRDA:38,6,1,45
BRDA:39,7,0,8
BRDA:39,7,1,37
BRDA:43,8,0,27
BRDA:43,8,1,465
BRDA:56,9,0,1
BRDA:56,9,1,464
BRDA:68,10,0,0
BRDA:68,10,1,464
BRDA:85,11,0,464
BRDA:85,11,1,37
BRDA:85,11,2,32
BRF:25
BRH:23
end_of_record
TN:
SF:src\components\SearchToggle.tsx
FN:4,SearchToggle
FNF:1
FNH:1
FNDA:462,SearchToggle
DA:1,2
DA:2,2
DA:4,2
DA:5,462
DA:7,462
LF:5
LH:5
BRF:0
BRH:0
end_of_record
TN:
SF:src\components\TextInputArea.tsx
FN:6,TextInputArea
FN:14,(anonymous_1)
FN:23,(anonymous_2)
FN:36,(anonymous_3)
FNF:4
FNH:4
FNDA:463,TextInputArea
FNDA:463,(anonymous_1)
FNDA:449,(anonymous_2)
FNDA:440,(anonymous_3)
DA:1,2
DA:2,2
DA:3,2
DA:4,2
DA:6,2
DA:7,463
DA:8,463
DA:11,463
DA:14,463
DA:15,463
DA:16,462
DA:17,461
DA:20,463
DA:23,463
DA:24,449
DA:25,449
DA:26,449
DA:27,449
DA:31,463
DA:36,440
LF:20
LH:20
BRDA:11,0,0,454
BRDA:11,0,1,9
BRDA:15,1,0,1
BRDA:15,1,1,462
BRDA:16,2,0,1
BRDA:16,2,1,461
BRDA:25,3,0,449
BRDA:25,3,1,0
BRDA:40,4,0,463
BRDA:40,4,1,1
BRDA:41,5,0,463
BRDA:41,5,1,1
BRDA:51,6,0,463
BRDA:51,6,1,461
BRDA:52,7,0,463
BRDA:52,7,1,1
BRDA:53,8,0,463
BRDA:53,8,1,1
BRDA:57,9,0,463
BRDA:57,9,1,1
BRF:20
BRH:19
end_of_record
TN:
SF:src\components\ui\button-variants.ts
FNF:0
FNH:0
DA:1,3
DA:3,3
LF:2
LH:2
BRF:0
BRH:0
end_of_record
TN:
SF:src\components\ui\button.tsx
FN:15,(anonymous_10)
FNF:1
FNH:1
FNDA:487,(anonymous_10)
DA:1,3
DA:2,3
DA:5,3
DA:6,3
DA:14,3
DA:15,487
DA:16,487
DA:17,487
DA:26,3
DA:28,3
LF:10
LH:10
BRDA:15,0,0,487
BRDA:16,1,0,0
BRDA:16,1,1,487
BRF:3
BRH:2
end_of_record
TN:
SF:src\components\ui\card.tsx
FN:8,(anonymous_10)
FN:23,(anonymous_11)
FN:35,(anonymous_12)
FN:47,(anonymous_13)
FN:59,(anonymous_14)
FN:67,(anonymous_15)
FNF:6
FNH:0
FNDA:0,(anonymous_10)
FNDA:0,(anonymous_11)
FNDA:0,(anonymous_12)
FNDA:0,(anonymous_13)
FNDA:0,(anonymous_14)
FNDA:0,(anonymous_15)
DA:1,0
DA:3,0
DA:5,0
DA:8,0
DA:18,0
DA:20,0
DA:23,0
DA:30,0
DA:32,0
DA:35,0
DA:42,0
DA:44,0
DA:47,0
DA:54,0
DA:56,0
DA:59,0
DA:62,0
DA:64,0
DA:67,0
DA:74,0
DA:76,0
LF:21
LH:0
BRF:0
BRH:0
end_of_record
TN:
SF:src\components\ui\input.tsx
FN:6,(anonymous_10)
FNF:1
FNH:0
FNDA:0,(anonymous_10)
DA:1,0
DA:3,0
DA:5,0
DA:6,0
DA:7,0
DA:20,0
DA:22,0
LF:7
LH:0
BRF:0
BRH:0
end_of_record
TN:
SF:src\components\ui\progress.tsx
FN:9,(anonymous_10)
FNF:1
FNH:0
FNDA:0,(anonymous_10)
DA:1,1
DA:2,1
DA:4,1
DA:6,1
DA:9,0
DA:24,1
DA:26,1
LF:7
LH:6
BRDA:20,0,0,0
BRDA:20,0,1,0
BRF:2
BRH:0
end_of_record
TN:
SF:src\components\ui\sonner.tsx
FN:5,(anonymous_1)
FNF:1
FNH:0
FNDA:0,(anonymous_1)
DA:1,0
DA:5,0
DA:6,0
DA:26,0
LF:4
LH:0
BRF:0
BRH:0
end_of_record
TN:
SF:src\components\ui\switch.tsx
FN:9,(anonymous_10)
FNF:1
FNH:1
FNDA:462,(anonymous_10)
DA:1,2
DA:2,2
DA:4,2
DA:6,2
DA:9,462
DA:25,2
DA:27,2
LF:7
LH:7
BRF:0
BRH:0
end_of_record
TN:
SF:src\components\ui\textarea.tsx
FN:8,(anonymous_10)
FNF:1
FNH:1
FNDA:463,(anonymous_10)
DA:1,2
DA:3,2
DA:5,2
DA:8,463
DA:9,463
DA:20,2
DA:22,2
LF:7
LH:7
BRF:0
BRH:0
end_of_record
TN:
SF:src\hooks\useAuth.ts
FN:19,(anonymous_7)
FN:20,(anonymous_8)
FN:27,(anonymous_9)
FN:32,(anonymous_10)
FN:32,(anonymous_11)
FN:54,(anonymous_12)
FN:62,(anonymous_13)
FNF:7
FNH:0
FNDA:0,(anonymous_7)
FNDA:0,(anonymous_8)
FNDA:0,(anonymous_9)
FNDA:0,(anonymous_10)
FNDA:0,(anonymous_11)
FNDA:0,(anonymous_12)
FNDA:0,(anonymous_13)
DA:1,1
DA:2,1
DA:3,1
DA:5,1
DA:19,1
DA:20,0
DA:22,0
DA:24,0
DA:25,0
DA:27,0
DA:30,0
DA:32,0
DA:33,0
DA:34,0
DA:36,0
DA:37,0
DA:38,0
DA:39,0
DA:42,0
DA:43,0
DA:44,0
DA:45,0
DA:46,0
DA:49,0
DA:50,0
DA:51,0
DA:55,0
DA:56,0
DA:57,0
DA:62,0
DA:65,0
LF:31
LH:5
BRDA:34,0,0,0
BRDA:34,0,1,0
BRF:2
BRH:0
end_of_record
TN:
SF:src\hooks\useExample.ts
FN:14,(anonymous_8)
FN:16,(anonymous_9)
FN:17,(anonymous_10)
FN:23,(anonymous_11)
FN:24,(anonymous_12)
FN:25,(anonymous_13)
FN:26,(anonymous_14)
FN:30,(anonymous_15)
FN:33,(anonymous_16)
FN:33,(anonymous_17)
FN:43,(anonymous_18)
FN:46,(anonymous_19)
FN:46,(anonymous_20)
FN:55,(anonymous_21)
FN:59,(anonymous_22)
FN:59,(anonymous_23)
FN:63,(anonymous_24)
FN:71,(anonymous_25)
FN:75,(anonymous_26)
FN:75,(anonymous_27)
FN:79,(anonymous_28)
FN:88,(anonymous_29)
FN:92,(anonymous_30)
FN:92,(anonymous_31)
FN:96,(anonymous_32)
FNF:25
FNH:0
FNDA:0,(anonymous_8)
FNDA:0,(anonymous_9)
FNDA:0,(anonymous_10)
FNDA:0,(anonymous_11)
FNDA:0,(anonymous_12)
FNDA:0,(anonymous_13)
FNDA:0,(anonymous_14)
FNDA:0,(anonymous_15)
FNDA:0,(anonymous_16)
FNDA:0,(anonymous_17)
FNDA:0,(anonymous_18)
FNDA:0,(anonymous_19)
FNDA:0,(anonymous_20)
FNDA:0,(anonymous_21)
FNDA:0,(anonymous_22)
FNDA:0,(anonymous_23)
FNDA:0,(anonymous_24)
FNDA:0,(anonymous_25)
FNDA:0,(anonymous_26)
FNDA:0,(anonymous_27)
FNDA:0,(anonymous_28)
FNDA:0,(anonymous_29)
FNDA:0,(anonymous_30)
FNDA:0,(anonymous_31)
FNDA:0,(anonymous_32)
DA:1,0
DA:2,0
DA:12,0
DA:14,0
DA:16,0
DA:17,0
DA:21,0
DA:23,0
DA:24,0
DA:25,0
DA:26,0
DA:30,0
DA:31,0
DA:33,0
DA:34,0
DA:37,0
DA:43,0
DA:44,0
DA:46,0
DA:47,0
DA:48,0
DA:55,0
DA:56,0
DA:58,0
DA:59,0
DA:60,0
DA:61,0
DA:65,0
DA:71,0
DA:72,0
DA:74,0
DA:75,0
DA:76,0
DA:77,0
DA:81,0
DA:82,0
DA:88,0
DA:89,0
DA:91,0
DA:92,0
DA:93,0
DA:94,0
DA:98,0
LF:43
LH:0
BRF:0
BRH:0
end_of_record
TN:
SF:src\hooks\useLyrics.ts
FN:7,(anonymous_0)
FN:12,(anonymous_1)
FN:20,(anonymous_2)
FN:24,(anonymous_3)
FN:34,(anonymous_4)
FNF:5
FNH:4
FNDA:925,(anonymous_0)
FNDA:4,(anonymous_1)
FNDA:2,(anonymous_2)
FNDA:0,(anonymous_3)
FNDA:943,(anonymous_4)
DA:1,3
DA:2,3
DA:4,3
DA:7,3
DA:8,925
DA:10,925
DA:13,4
DA:18,4
DA:21,2
DA:23,2
DA:26,0
DA:34,3
DA:35,943
LF:13
LH:12
BRDA:15,0,0,0
BRDA:15,0,1,4
BRF:2
BRH:1
end_of_record
TN:
SF:src\lib\toast-utils.ts
FN:12,(anonymous_0)
FN:37,(anonymous_1)
FN:64,(anonymous_2)
FN:74,(anonymous_3)
FN:84,(anonymous_4)
FN:94,(anonymous_5)
FN:104,(anonymous_6)
FNF:7
FNH:3
FNDA:0,(anonymous_0)
FNDA:0,(anonymous_1)
FNDA:0,(anonymous_2)
FNDA:2,(anonymous_3)
FNDA:4,(anonymous_4)
FNDA:0,(anonymous_5)
FNDA:2,(anonymous_6)
DA:1,2
DA:2,2
DA:12,2
DA:13,0
DA:17,0
DA:18,0
DA:27,0
DA:37,2
DA:38,0
DA:40,0
DA:41,0
DA:42,0
DA:43,0
DA:44,0
DA:46,0
DA:47,0
DA:48,0
DA:49,0
DA:51,0
DA:55,0
DA:64,2
DA:65,0
DA:74,2
DA:75,2
DA:84,2
DA:85,4
DA:94,2
DA:95,0
DA:104,2
DA:105,2
DA:106,0
DA:107,0
DA:109,0
DA:112,0
DA:113,0
DA:116,0
DA:117,0
DA:122,0
DA:123,0
DA:127,0
DA:128,0
DA:134,0
DA:135,0
DA:139,0
DA:141,2
DA:142,2
DA:144,0
LF:47
LH:14
BRDA:13,0,0,0
BRDA:13,0,1,0
BRDA:14,1,0,0
BRDA:14,1,1,0
BRDA:14,1,2,0
BRDA:14,2,0,0
BRDA:14,2,1,0
BRDA:14,3,0,0
BRDA:14,3,1,0
BRDA:14,4,0,0
BRDA:14,4,1,0
BRDA:14,5,0,0
BRDA:14,5,1,0
BRDA:17,6,0,0
BRDA:17,6,1,0
BRDA:40,7,0,0
BRDA:40,7,1,0
BRDA:46,8,0,0
BRDA:46,8,1,0
BRDA:48,9,0,0
BRDA:48,9,1,0
BRDA:105,10,0,0
BRDA:105,10,1,2
BRDA:106,11,0,0
BRDA:106,11,1,0
BRDA:106,12,0,0
BRDA:106,12,1,0
BRDA:107,13,0,0
BRDA:107,13,1,0
BRDA:107,14,0,0
BRDA:107,14,1,0
BRDA:107,15,0,0
BRDA:107,15,1,0
BRDA:107,16,0,0
BRDA:107,16,1,0
BRDA:109,17,0,0
BRDA:109,17,1,0
BRDA:109,17,2,0
BRDA:109,17,3,0
BRDA:109,17,4,0
BRDA:109,17,5,0
BRDA:109,17,6,0
BRDA:112,18,0,0
BRDA:112,18,1,0
BRDA:112,19,0,0
BRDA:112,19,1,0
BRDA:112,20,0,0
BRDA:112,20,1,0
BRDA:112,21,0,0
BRDA:112,21,1,0
BRDA:113,22,0,0
BRDA:113,22,1,0
BRDA:122,23,0,0
BRDA:122,23,1,0
BRDA:141,24,0,2
BRDA:141,24,1,0
BRF:56
BRH:2
end_of_record
TN:
SF:src\lib\utils.ts
FN:4,cn
FNF:1
FNH:1
FNDA:3264,cn
DA:1,6
DA:2,6
DA:4,6
DA:5,3264
LF:4
LH:4
BRF:0
BRH:0
end_of_record
TN:
SF:src\pages\TextInputPage.tsx
FN:12,TextInputPage
FN:19,(anonymous_1)
FN:49,(anonymous_2)
FNF:3
FNH:2
FNDA:457,TextInputPage
FNDA:15,(anonymous_1)
FNDA:0,(anonymous_2)
DA:1,1
DA:2,1
DA:3,1
DA:4,1
DA:5,1
DA:6,1
DA:7,1
DA:8,1
DA:9,1
DA:10,1
DA:12,1
DA:13,457
DA:14,457
DA:15,457
DA:16,457
DA:19,457
DA:20,15
DA:27,457
DA:28,1
DA:39,456
DA:40,1
DA:49,0
DA:59,455
LF:23
LH:22
BRDA:20,0,0,0
BRDA:20,0,1,15
BRDA:20,1,0,15
BRDA:20,1,1,0
BRDA:27,2,0,1
BRDA:27,2,1,456
BRDA:39,3,0,1
BRDA:39,3,1,455
BRDA:39,4,0,456
BRDA:39,4,1,455
BRDA:46,5,0,1
BRDA:46,5,1,0
BRDA:46,6,0,0
BRDA:46,6,1,1
BRDA:46,7,0,1
BRDA:46,7,1,1
BRDA:109,8,0,455
BRDA:109,8,1,0
BRF:18
BRH:13
end_of_record
TN:
SF:src\stores\example.ts
FN:20,(anonymous_0)
FN:23,(anonymous_1)
FN:23,(anonymous_2)
FN:25,(anonymous_3)
FN:25,(anonymous_4)
FN:27,(anonymous_5)
FN:29,(anonymous_6)
FN:31,(anonymous_7)
FNF:8
FNH:0
FNDA:0,(anonymous_0)
FNDA:0,(anonymous_1)
FNDA:0,(anonymous_2)
FNDA:0,(anonymous_3)
FNDA:0,(anonymous_4)
FNDA:0,(anonymous_5)
FNDA:0,(anonymous_6)
FNDA:0,(anonymous_7)
DA:1,0
DA:14,0
DA:20,0
DA:23,0
DA:25,0
DA:27,0
DA:29,0
DA:31,0
LF:8
LH:0
BRF:0
BRH:0
end_of_record
TN:
SF:src\stores\textInputStore.ts
FN:33,(anonymous_0)
FN:36,(anonymous_1)
FN:38,(anonymous_2)
FN:38,(anonymous_3)
FN:40,(anonymous_4)
FN:42,(anonymous_5)
FN:44,(anonymous_6)
FN:49,(anonymous_7)
FNF:8
FNH:8
FNDA:5,(anonymous_0)
FNDA:432,(anonymous_1)
FNDA:5,(anonymous_2)
FNDA:5,(anonymous_3)
FNDA:17,(anonymous_4)
FNDA:10,(anonymous_5)
FNDA:1,(anonymous_6)
FNDA:465,(anonymous_7)
DA:1,5
DA:2,5
DA:24,5
DA:31,5
DA:33,5
DA:36,432
DA:38,5
DA:40,17
DA:42,10
DA:44,1
DA:49,465
LF:11
LH:11
BRF:0
BRH:0
end_of_record
