TN:
SF:src\App.tsx
FN:8,App
FNF:1
FNH:0
FNDA:0,App
DA:1,0
DA:2,0
DA:3,0
DA:4,0
DA:5,0
DA:6,0
DA:9,0
DA:51,0
LF:8
LH:0
BRF:0
BRH:0
end_of_record
TN:
SF:src\api\client.ts
FN:11,(anonymous_8)
FN:22,(anonymous_9)
FN:30,(anonymous_10)
FN:37,(anonymous_11)
FN:38,(anonymous_12)
FN:49,(anonymous_13)
FN:54,(anonymous_15)
FN:59,(anonymous_17)
FN:64,(anonymous_19)
FN:69,(anonymous_21)
FNF:10
FNH:3
FNDA:4,(anonymous_8)
FNDA:0,(anonymous_9)
FNDA:0,(anonymous_10)
FNDA:0,(anonymous_11)
FNDA:0,(anonymous_12)
FNDA:5,(anonymous_13)
FNDA:7,(anonymous_15)
FNDA:0,(anonymous_17)
FNDA:0,(anonymous_19)
FNDA:0,(anonymous_21)
DA:1,4
DA:6,4
DA:12,4
DA:21,4
DA:24,0
DA:25,0
DA:26,0
DA:28,0
DA:31,0
DA:36,4
DA:37,0
DA:40,0
DA:42,0
DA:44,0
DA:50,5
DA:51,3
DA:55,7
DA:56,3
DA:60,0
DA:61,0
DA:65,0
DA:66,0
DA:70,0
DA:71,0
DA:75,4
DA:76,4
LF:26
LH:11
BRDA:25,0,0,0
BRDA:25,0,1,0
BRDA:40,1,0,0
BRDA:40,1,1,0
BRDA:40,2,0,0
BRDA:40,2,1,0
BRDA:40,3,0,0
BRDA:40,3,1,0
BRF:8
BRH:0
end_of_record
TN:
SF:src\api\lyrics.ts
FN:22,(anonymous_7)
FN:24,(anonymous_8)
FN:28,(anonymous_9)
FN:28,(anonymous_10)
FNF:4
FNH:4
FNDA:7,(anonymous_7)
FNDA:7,(anonymous_8)
FNDA:5,(anonymous_9)
FNDA:5,(anonymous_10)
DA:1,4
DA:22,4
DA:24,7
DA:25,7
DA:28,5
DA:29,5
LF:6
LH:6
BRF:0
BRH:0
end_of_record
TN:
SF:src\components\ErrorBoundary.tsx
FN:17,(anonymous_0)
FN:42,(anonymous_1)
FN:50,(anonymous_2)
FN:26,(anonymous_3)
FN:34,(anonymous_4)
FN:54,(anonymous_5)
FNF:6
FNH:0
FNDA:0,(anonymous_0)
FNDA:0,(anonymous_1)
FNDA:0,(anonymous_2)
FNDA:0,(anonymous_3)
FNDA:0,(anonymous_4)
FNDA:0,(anonymous_5)
DA:1,0
DA:3,0
DA:4,0
DA:18,0
DA:19,0
DA:27,0
DA:35,0
DA:36,0
DA:42,0
DA:43,0
DA:50,0
DA:51,0
DA:55,0
DA:56,0
DA:88,0
DA:92,0
LF:16
LH:0
BRDA:55,0,0,0
BRDA:55,0,1,0
BRDA:66,1,0,0
BRDA:66,1,1,0
BRF:4
BRH:0
end_of_record
TN:
SF:src\components\GenerateButton.tsx
FN:8,GenerateButton
FN:24,(anonymous_1)
FN:50,(anonymous_2)
FN:51,(anonymous_3)
FN:58,(anonymous_4)
FN:62,(anonymous_5)
FNF:6
FNH:6
FNDA:148,GenerateButton
FNDA:7,(anonymous_1)
FNDA:132,(anonymous_2)
FNDA:100,(anonymous_3)
FNDA:132,(anonymous_4)
FNDA:28,(anonymous_5)
DA:1,2
DA:2,2
DA:3,2
DA:4,2
DA:5,2
DA:6,2
DA:8,2
DA:9,148
DA:10,148
DA:11,148
DA:14,148
DA:18,148
DA:24,148
DA:26,7
DA:27,0
DA:28,0
DA:31,7
DA:32,0
DA:33,0
DA:36,7
DA:37,0
DA:38,0
DA:41,7
DA:43,7
DA:50,148
DA:51,132
DA:52,100
DA:53,3
DA:57,132
DA:58,132
DA:62,148
DA:63,28
DA:66,148
LF:33
LH:27
BRDA:14,0,0,139
BRDA:14,0,1,9
BRDA:18,1,0,148
BRDA:18,1,1,139
BRDA:18,1,2,120
BRDA:18,1,3,100
BRDA:18,1,4,99
BRDA:20,2,0,102
BRDA:20,2,1,18
BRDA:20,3,0,120
BRDA:20,3,1,120
BRDA:20,4,0,18
BRDA:20,4,1,102
BRDA:20,5,0,120
BRDA:20,5,1,120
BRDA:26,6,0,0
BRDA:26,6,1,7
BRDA:31,7,0,0
BRDA:31,7,1,7
BRDA:36,8,0,0
BRDA:36,8,1,7
BRDA:36,9,0,7
BRDA:36,9,1,0
BRDA:36,10,0,7
BRDA:36,10,1,7
BRDA:36,11,0,0
BRDA:36,11,1,7
BRDA:36,12,0,7
BRDA:36,12,1,7
BRDA:37,13,0,0
BRDA:37,13,1,0
BRDA:37,14,0,0
BRDA:37,14,1,0
BRDA:37,15,0,0
BRDA:37,15,1,0
BRDA:41,16,0,0
BRDA:41,16,1,7
BRDA:52,17,0,3
BRDA:52,17,1,97
BRDA:52,18,0,100
BRDA:52,18,1,96
BRDA:52,18,2,5
BRDA:52,18,3,4
BRDA:72,19,0,3
BRDA:72,19,1,145
BRDA:76,20,0,3
BRDA:76,20,1,145
BRF:47
BRH:35
end_of_record
TN:
SF:src\components\LoadingProgress.tsx
FN:16,LoadingProgress
FN:21,(anonymous_1)
FN:43,(anonymous_2)
FN:52,(anonymous_3)
FN:82,(anonymous_4)
FNF:5
FNH:0
FNDA:0,LoadingProgress
FNDA:0,(anonymous_1)
FNDA:0,(anonymous_2)
FNDA:0,(anonymous_3)
FNDA:0,(anonymous_4)
DA:1,1
DA:2,1
DA:3,1
DA:4,1
DA:5,1
DA:6,1
DA:8,1
DA:16,1
DA:17,0
DA:18,0
DA:19,0
DA:21,0
DA:22,0
DA:23,0
DA:24,0
DA:28,0
DA:29,0
DA:30,0
DA:31,0
DA:34,0
DA:35,0
DA:36,0
DA:40,0
DA:43,0
DA:44,0
DA:45,0
DA:47,0
DA:48,0
DA:52,0
DA:55,0
DA:56,0
DA:59,0
DA:61,0
LF:33
LH:8
BRDA:22,0,0,0
BRDA:22,0,1,0
BRDA:22,1,0,0
BRDA:22,1,1,0
BRDA:30,2,0,0
BRDA:30,2,1,0
BRDA:47,3,0,0
BRDA:47,3,1,0
BRDA:55,4,0,0
BRDA:55,4,1,0
BRDA:55,5,0,0
BRDA:55,5,1,0
BRDA:104,6,0,0
BRDA:104,6,1,0
BRDA:106,7,0,0
BRDA:106,7,1,0
BRDA:110,8,0,0
BRDA:110,8,1,0
BRDA:112,9,0,0
BRDA:112,9,1,0
BRDA:114,10,0,0
BRDA:114,10,1,0
BRDA:120,11,0,0
BRDA:120,11,1,0
BRDA:122,12,0,0
BRDA:122,12,1,0
BRDA:127,13,0,0
BRDA:127,13,1,0
BRDA:129,14,0,0
BRDA:129,14,1,0
BRDA:134,15,0,0
BRDA:134,15,1,0
BRDA:136,16,0,0
BRDA:136,16,1,0
BRF:34
BRH:0
end_of_record
TN:
SF:src\components\RateLimitIndicator.tsx
FN:5,RateLimitIndicator
FN:10,(anonymous_1)
FN:13,(anonymous_2)
FN:33,(anonymous_3)
FN:37,(anonymous_4)
FNF:5
FNH:5
FNDA:156,RateLimitIndicator
FNDA:30,(anonymous_1)
FNDA:17,(anonymous_2)
FNDA:15,(anonymous_3)
FNDA:128,(anonymous_4)
DA:1,2
DA:2,2
DA:3,2
DA:5,2
DA:6,156
DA:7,156
DA:10,156
DA:11,30
DA:13,15
DA:14,17
DA:15,17
DA:16,17
DA:18,17
DA:19,0
DA:20,0
DA:23,17
DA:24,17
DA:25,17
DA:27,17
DA:30,15
DA:31,15
DA:33,15
DA:37,156
DA:38,128
DA:39,31
DA:40,23
DA:43,156
DA:44,27
DA:56,129
DA:57,1
DA:68,128
DA:70,128
DA:72,128
LF:33
LH:31
BRDA:11,0,0,15
BRDA:11,0,1,15
BRDA:11,1,0,15
BRDA:11,1,1,15
BRDA:11,2,0,30
BRDA:11,2,1,30
BRDA:18,3,0,0
BRDA:18,3,1,17
BRDA:34,4,0,28
BRDA:34,4,1,128
BRDA:34,5,0,156
BRDA:34,5,1,156
BRDA:38,6,0,97
BRDA:38,6,1,31
BRDA:39,7,0,8
BRDA:39,7,1,23
BRDA:43,8,0,27
BRDA:43,8,1,129
BRDA:56,9,0,1
BRDA:56,9,1,128
BRDA:68,10,0,0
BRDA:68,10,1,128
BRDA:85,11,0,128
BRDA:85,11,1,23
BRDA:85,11,2,18
BRF:25
BRH:23
end_of_record
TN:
SF:src\components\SearchToggle.tsx
FN:6,SearchToggle
FNF:1
FNH:1
FNDA:131,SearchToggle
DA:1,2
DA:2,2
DA:3,2
DA:4,2
DA:6,2
DA:7,131
DA:9,131
LF:7
LH:7
BRF:0
BRH:0
end_of_record
TN:
SF:src\components\TextInputArea.tsx
FN:7,TextInputArea
FN:15,(anonymous_1)
FN:24,(anonymous_2)
FN:38,(anonymous_3)
FNF:4
FNH:4
FNDA:132,TextInputArea
FNDA:132,(anonymous_1)
FNDA:119,(anonymous_2)
FNDA:110,(anonymous_3)
DA:1,2
DA:2,2
DA:3,2
DA:4,2
DA:5,2
DA:7,2
DA:8,132
DA:9,132
DA:12,132
DA:15,132
DA:16,132
DA:17,114
DA:18,113
DA:21,132
DA:24,132
DA:25,119
DA:26,119
DA:27,119
DA:28,119
DA:32,132
DA:38,110
LF:21
LH:21
BRDA:12,0,0,122
BRDA:12,0,1,10
BRDA:16,1,0,18
BRDA:16,1,1,114
BRDA:17,2,0,1
BRDA:17,2,1,113
BRDA:26,3,0,119
BRDA:26,3,1,0
BRDA:42,4,0,132
BRDA:42,4,1,1
BRDA:43,5,0,132
BRDA:43,5,1,18
BRDA:53,6,0,132
BRDA:53,6,1,113
BRDA:54,7,0,132
BRDA:54,7,1,1
BRDA:55,8,0,132
BRDA:55,8,1,18
BRDA:59,9,0,132
BRDA:59,9,1,18
BRF:20
BRH:19
end_of_record
TN:
SF:src\components\ui\button-variants.ts
FNF:0
FNH:0
DA:1,3
DA:3,3
LF:2
LH:2
BRF:0
BRH:0
end_of_record
TN:
SF:src\components\ui\button.tsx
FN:15,(anonymous_10)
FNF:1
FNH:1
FNDA:153,(anonymous_10)
DA:1,3
DA:2,3
DA:5,3
DA:6,3
DA:14,3
DA:15,153
DA:16,153
DA:17,153
DA:26,3
DA:28,3
LF:10
LH:10
BRDA:15,0,0,153
BRDA:16,1,0,0
BRDA:16,1,1,153
BRF:3
BRH:2
end_of_record
TN:
SF:src\components\ui\card.tsx
FN:8,(anonymous_10)
FN:23,(anonymous_11)
FN:35,(anonymous_12)
FN:47,(anonymous_13)
FN:59,(anonymous_14)
FN:67,(anonymous_15)
FNF:6
FNH:2
FNDA:263,(anonymous_10)
FNDA:0,(anonymous_11)
FNDA:0,(anonymous_12)
FNDA:0,(anonymous_13)
FNDA:263,(anonymous_14)
FNDA:0,(anonymous_15)
DA:1,3
DA:3,3
DA:5,3
DA:8,263
DA:18,3
DA:20,3
DA:23,0
DA:30,3
DA:32,3
DA:35,0
DA:42,3
DA:44,3
DA:47,0
DA:54,3
DA:56,3
DA:59,263
DA:62,3
DA:64,3
DA:67,0
DA:74,3
DA:76,3
LF:21
LH:17
BRF:0
BRH:0
end_of_record
TN:
SF:src\components\ui\input.tsx
FN:6,(anonymous_10)
FNF:1
FNH:0
FNDA:0,(anonymous_10)
DA:1,0
DA:3,0
DA:5,0
DA:6,0
DA:7,0
DA:20,0
DA:22,0
LF:7
LH:0
BRF:0
BRH:0
end_of_record
TN:
SF:src\components\ui\label.tsx
FN:15,(anonymous_10)
FNF:1
FNH:1
FNDA:131,(anonymous_10)
DA:1,2
DA:2,2
DA:3,2
DA:5,2
DA:7,2
DA:11,2
DA:15,131
DA:22,2
DA:24,2
LF:9
LH:9
BRF:0
BRH:0
end_of_record
TN:
SF:src\components\ui\progress.tsx
FN:9,(anonymous_10)
FNF:1
FNH:0
FNDA:0,(anonymous_10)
DA:1,1
DA:2,1
DA:4,1
DA:6,1
DA:9,0
DA:24,1
DA:26,1
LF:7
LH:6
BRDA:20,0,0,0
BRDA:20,0,1,0
BRF:2
BRH:0
end_of_record
TN:
SF:src\components\ui\sonner.tsx
FN:5,(anonymous_1)
FNF:1
FNH:0
FNDA:0,(anonymous_1)
DA:1,0
DA:5,0
DA:6,0
DA:26,0
LF:4
LH:0
BRF:0
BRH:0
end_of_record
TN:
SF:src\components\ui\switch.tsx
FN:9,(anonymous_10)
FNF:1
FNH:1
FNDA:131,(anonymous_10)
DA:1,2
DA:2,2
DA:4,2
DA:6,2
DA:9,131
DA:25,2
DA:27,2
LF:7
LH:7
BRF:0
BRH:0
end_of_record
TN:
SF:src\components\ui\textarea.tsx
FN:8,(anonymous_10)
FNF:1
FNH:1
FNDA:132,(anonymous_10)
DA:1,2
DA:3,2
DA:5,2
DA:8,132
DA:9,132
DA:20,2
DA:22,2
LF:7
LH:7
BRF:0
BRH:0
end_of_record
TN:
SF:src\components\ui\toggle-group.tsx
FN:19,(anonymous_10)
FN:37,(anonymous_11)
FNF:2
FNH:0
FNDA:0,(anonymous_10)
FNDA:0,(anonymous_11)
DA:1,0
DA:2,0
DA:5,0
DA:6,0
DA:8,0
DA:15,0
DA:19,0
DA:31,0
DA:33,0
DA:37,0
DA:38,0
DA:40,0
DA:57,0
DA:59,0
LF:14
LH:0
BRDA:45,0,0,0
BRDA:45,0,1,0
BRDA:46,1,0,0
BRDA:46,1,1,0
BRF:4
BRH:0
end_of_record
TN:
SF:src\components\ui\toggle.tsx
FN:33,(anonymous_10)
FNF:1
FNH:0
FNDA:0,(anonymous_10)
DA:1,0
DA:2,0
DA:3,0
DA:5,0
DA:7,0
DA:29,0
DA:33,0
DA:41,0
DA:43,0
LF:9
LH:0
BRF:0
BRH:0
end_of_record
TN:
SF:src\hooks\useAuth.ts
FN:21,(anonymous_7)
FN:22,(anonymous_8)
FN:29,(anonymous_9)
FN:44,(anonymous_10)
FN:44,(anonymous_11)
FN:66,(anonymous_12)
FN:74,(anonymous_13)
FNF:7
FNH:0
FNDA:0,(anonymous_7)
FNDA:0,(anonymous_8)
FNDA:0,(anonymous_9)
FNDA:0,(anonymous_10)
FNDA:0,(anonymous_11)
FNDA:0,(anonymous_12)
FNDA:0,(anonymous_13)
DA:1,1
DA:2,1
DA:3,1
DA:5,1
DA:6,1
DA:21,1
DA:22,0
DA:24,0
DA:26,0
DA:27,0
DA:29,0
DA:31,0
DA:32,0
DA:33,0
DA:34,0
DA:35,0
DA:36,0
DA:37,0
DA:42,0
DA:44,0
DA:45,0
DA:46,0
DA:48,0
DA:49,0
DA:50,0
DA:51,0
DA:54,0
DA:55,0
DA:56,0
DA:57,0
DA:58,0
DA:61,0
DA:62,0
DA:63,0
DA:67,0
DA:68,0
DA:69,0
DA:74,0
DA:77,0
LF:39
LH:6
BRDA:31,0,0,0
BRDA:31,0,1,0
BRDA:31,1,0,0
BRDA:31,1,1,0
BRDA:46,2,0,0
BRDA:46,2,1,0
BRF:6
BRH:0
end_of_record
TN:
SF:src\hooks\useExample.ts
FN:14,(anonymous_8)
FN:16,(anonymous_9)
FN:17,(anonymous_10)
FN:23,(anonymous_11)
FN:24,(anonymous_12)
FN:25,(anonymous_13)
FN:26,(anonymous_14)
FN:30,(anonymous_15)
FN:33,(anonymous_16)
FN:33,(anonymous_17)
FN:43,(anonymous_18)
FN:46,(anonymous_19)
FN:46,(anonymous_20)
FN:55,(anonymous_21)
FN:59,(anonymous_22)
FN:59,(anonymous_23)
FN:63,(anonymous_24)
FN:71,(anonymous_25)
FN:75,(anonymous_26)
FN:75,(anonymous_27)
FN:79,(anonymous_28)
FN:88,(anonymous_29)
FN:92,(anonymous_30)
FN:92,(anonymous_31)
FN:96,(anonymous_32)
FNF:25
FNH:0
FNDA:0,(anonymous_8)
FNDA:0,(anonymous_9)
FNDA:0,(anonymous_10)
FNDA:0,(anonymous_11)
FNDA:0,(anonymous_12)
FNDA:0,(anonymous_13)
FNDA:0,(anonymous_14)
FNDA:0,(anonymous_15)
FNDA:0,(anonymous_16)
FNDA:0,(anonymous_17)
FNDA:0,(anonymous_18)
FNDA:0,(anonymous_19)
FNDA:0,(anonymous_20)
FNDA:0,(anonymous_21)
FNDA:0,(anonymous_22)
FNDA:0,(anonymous_23)
FNDA:0,(anonymous_24)
FNDA:0,(anonymous_25)
FNDA:0,(anonymous_26)
FNDA:0,(anonymous_27)
FNDA:0,(anonymous_28)
FNDA:0,(anonymous_29)
FNDA:0,(anonymous_30)
FNDA:0,(anonymous_31)
FNDA:0,(anonymous_32)
DA:1,0
DA:2,0
DA:12,0
DA:14,0
DA:16,0
DA:17,0
DA:21,0
DA:23,0
DA:24,0
DA:25,0
DA:26,0
DA:30,0
DA:31,0
DA:33,0
DA:34,0
DA:37,0
DA:43,0
DA:44,0
DA:46,0
DA:47,0
DA:48,0
DA:55,0
DA:56,0
DA:58,0
DA:59,0
DA:60,0
DA:61,0
DA:65,0
DA:71,0
DA:72,0
DA:74,0
DA:75,0
DA:76,0
DA:77,0
DA:81,0
DA:82,0
DA:88,0
DA:89,0
DA:91,0
DA:92,0
DA:93,0
DA:94,0
DA:98,0
LF:43
LH:0
BRF:0
BRH:0
end_of_record
TN:
SF:src\hooks\useLyrics.ts
FN:7,(anonymous_0)
FN:12,(anonymous_1)
FN:20,(anonymous_2)
FN:24,(anonymous_3)
FN:34,(anonymous_4)
FNF:5
FNH:4
FNDA:259,(anonymous_0)
FNDA:2,(anonymous_1)
FNDA:1,(anonymous_2)
FNDA:0,(anonymous_3)
FNDA:272,(anonymous_4)
DA:1,3
DA:2,3
DA:4,3
DA:7,3
DA:8,259
DA:10,259
DA:13,2
DA:18,2
DA:21,1
DA:23,1
DA:26,0
DA:34,3
DA:35,272
LF:13
LH:12
BRDA:15,0,0,0
BRDA:15,0,1,2
BRF:2
BRH:1
end_of_record
TN:
SF:src\lib\toast-utils.ts
FN:12,(anonymous_0)
FN:37,(anonymous_1)
FN:64,(anonymous_2)
FN:74,(anonymous_3)
FN:84,(anonymous_4)
FN:94,(anonymous_5)
FN:104,(anonymous_6)
FNF:7
FNH:3
FNDA:0,(anonymous_0)
FNDA:0,(anonymous_1)
FNDA:0,(anonymous_2)
FNDA:1,(anonymous_3)
FNDA:2,(anonymous_4)
FNDA:0,(anonymous_5)
FNDA:1,(anonymous_6)
DA:1,2
DA:2,2
DA:12,2
DA:13,0
DA:17,0
DA:18,0
DA:27,0
DA:37,2
DA:38,0
DA:40,0
DA:41,0
DA:42,0
DA:43,0
DA:44,0
DA:46,0
DA:47,0
DA:48,0
DA:49,0
DA:51,0
DA:55,0
DA:64,2
DA:65,0
DA:74,2
DA:75,1
DA:84,2
DA:85,2
DA:94,2
DA:95,0
DA:104,2
DA:105,1
DA:106,0
DA:107,0
DA:109,0
DA:112,0
DA:113,0
DA:116,0
DA:117,0
DA:122,0
DA:123,0
DA:127,0
DA:128,0
DA:134,0
DA:135,0
DA:139,0
DA:141,1
DA:142,1
DA:144,0
LF:47
LH:14
BRDA:13,0,0,0
BRDA:13,0,1,0
BRDA:14,1,0,0
BRDA:14,1,1,0
BRDA:14,1,2,0
BRDA:14,2,0,0
BRDA:14,2,1,0
BRDA:14,3,0,0
BRDA:14,3,1,0
BRDA:14,4,0,0
BRDA:14,4,1,0
BRDA:14,5,0,0
BRDA:14,5,1,0
BRDA:17,6,0,0
BRDA:17,6,1,0
BRDA:40,7,0,0
BRDA:40,7,1,0
BRDA:46,8,0,0
BRDA:46,8,1,0
BRDA:48,9,0,0
BRDA:48,9,1,0
BRDA:105,10,0,0
BRDA:105,10,1,1
BRDA:106,11,0,0
BRDA:106,11,1,0
BRDA:106,12,0,0
BRDA:106,12,1,0
BRDA:107,13,0,0
BRDA:107,13,1,0
BRDA:107,14,0,0
BRDA:107,14,1,0
BRDA:107,15,0,0
BRDA:107,15,1,0
BRDA:107,16,0,0
BRDA:107,16,1,0
BRDA:109,17,0,0
BRDA:109,17,1,0
BRDA:109,17,2,0
BRDA:109,17,3,0
BRDA:109,17,4,0
BRDA:109,17,5,0
BRDA:109,17,6,0
BRDA:112,18,0,0
BRDA:112,18,1,0
BRDA:112,19,0,0
BRDA:112,19,1,0
BRDA:112,20,0,0
BRDA:112,20,1,0
BRDA:112,21,0,0
BRDA:112,21,1,0
BRDA:113,22,0,0
BRDA:113,22,1,0
BRDA:122,23,0,0
BRDA:122,23,1,0
BRDA:141,24,0,1
BRDA:141,24,1,0
BRF:56
BRH:2
end_of_record
TN:
SF:src\lib\utils.ts
FN:4,cn
FNF:1
FNH:1
FNDA:1596,cn
DA:1,6
DA:2,6
DA:4,6
DA:5,1596
LF:4
LH:4
BRF:0
BRH:0
end_of_record
TN:
SF:src\pages\TextInputPage.tsx
FN:13,TextInputPage
FN:20,(anonymous_1)
FN:49,(anonymous_2)
FNF:3
FNH:2
FNDA:126,TextInputPage
FNDA:15,(anonymous_1)
FNDA:0,(anonymous_2)
DA:1,1
DA:2,1
DA:3,1
DA:4,1
DA:5,1
DA:6,1
DA:7,1
DA:8,1
DA:9,1
DA:10,1
DA:11,1
DA:13,1
DA:14,126
DA:15,126
DA:16,126
DA:17,126
DA:20,126
DA:21,15
DA:28,126
DA:29,1
DA:40,125
DA:41,1
DA:49,0
DA:57,124
LF:24
LH:23
BRDA:21,0,0,0
BRDA:21,0,1,15
BRDA:21,1,0,15
BRDA:21,1,1,0
BRDA:28,2,0,1
BRDA:28,2,1,125
BRDA:40,3,0,1
BRDA:40,3,1,124
BRDA:40,4,0,125
BRDA:40,4,1,124
BRDA:47,5,0,1
BRDA:47,5,1,0
BRDA:47,6,0,0
BRDA:47,6,1,1
BRDA:47,7,0,1
BRDA:47,7,1,1
BRDA:107,8,0,124
BRDA:107,8,1,0
BRF:18
BRH:13
end_of_record
TN:
SF:src\stores\example.ts
FN:20,(anonymous_0)
FN:23,(anonymous_1)
FN:23,(anonymous_2)
FN:25,(anonymous_3)
FN:25,(anonymous_4)
FN:27,(anonymous_5)
FN:29,(anonymous_6)
FN:31,(anonymous_7)
FNF:8
FNH:0
FNDA:0,(anonymous_0)
FNDA:0,(anonymous_1)
FNDA:0,(anonymous_2)
FNDA:0,(anonymous_3)
FNDA:0,(anonymous_4)
FNDA:0,(anonymous_5)
FNDA:0,(anonymous_6)
FNDA:0,(anonymous_7)
DA:1,0
DA:14,0
DA:20,0
DA:23,0
DA:25,0
DA:27,0
DA:29,0
DA:31,0
LF:8
LH:0
BRF:0
BRH:0
end_of_record
TN:
SF:src\stores\textInputStore.ts
FN:33,(anonymous_0)
FN:36,(anonymous_1)
FN:38,(anonymous_2)
FN:38,(anonymous_3)
FN:40,(anonymous_4)
FN:42,(anonymous_5)
FN:44,(anonymous_6)
FN:49,(anonymous_7)
FNF:8
FNH:8
FNDA:5,(anonymous_0)
FNDA:102,(anonymous_1)
FNDA:4,(anonymous_2)
FNDA:4,(anonymous_3)
FNDA:17,(anonymous_4)
FNDA:10,(anonymous_5)
FNDA:1,(anonymous_6)
FNDA:134,(anonymous_7)
DA:1,5
DA:2,5
DA:24,5
DA:31,5
DA:33,5
DA:36,102
DA:38,4
DA:40,17
DA:42,10
DA:44,1
DA:49,134
LF:11
LH:11
BRF:0
BRH:0
end_of_record
